2024-07-27 22:59:07,986 - docs_process - INFO - Loading existing chunks from cache.
2024-07-27 22:59:07,986 - docs_process - INFO - No existing chunks found in cache.
2024-07-27 22:59:49,970 - docs_process - INFO - Processing new document from path: D:\Menote\Tech_Titans_Manuscript.pdf
2024-07-27 23:00:01,036 - docs_process - INFO - Extracted title: REAL-TIME LICENSE PLATE RECOGNITION AND TEXT CONVERSION USING CNN AND CAMERA IMAGING
2024-07-27 23:00:01,038 - docs_process - INFO - Processed document 'REAL-TIME LICENSE PLATE RECOGNITION AND TEXT CONVERSION USING CNN AND CAMERA IMAGING' into 3 chunks.
2024-07-27 23:00:01,038 - __main__ - INFO - Processed document 'REAL-TIME LICENSE PLATE RECOGNITION AND TEXT CONVERSION USING CNN AND CAMERA IMAGING' in 11.07 seconds with file size 47875563 bytes and 3 chunks.
2024-07-27 23:00:01,038 - database - INFO - Checking if document 'REAL-TIME LICENSE PLATE RECOGNITION AND TEXT CONVERSION USING CNN AND CAMERA IMAGING' is already uploaded.
2024-07-27 23:00:01,038 - database - INFO - Initializing the database.
2024-07-27 23:00:01,460 - database - INFO - Database initialized.
2024-07-27 23:00:01,461 - database - INFO - Document 'REAL-TIME LICENSE PLATE RECOGNITION AND TEXT CONVERSION USING CNN AND CAMERA IMAGING' is already uploaded: False.
2024-07-27 23:00:01,461 - database - INFO - Saving text chunks to SQLite database.
2024-07-27 23:00:01,461 - database - INFO - Initializing the database.
2024-07-27 23:00:01,461 - database - INFO - Database initialized.
2024-07-27 23:00:01,576 - database - INFO - Text chunks saved to database.
2024-07-27 23:00:01,576 - docs_process - INFO - Saving chunks to cache.
2024-07-27 23:00:01,579 - docs_process - INFO - Chunks saved to cache successfully.
2024-07-27 23:00:13,012 - database - INFO - Checking if document 'REAL-TIME LICENSE PLATE RECOGNITION AND TEXT CONVERSION USING CNN AND CAMERA IMAGING' is already uploaded.
2024-07-27 23:00:13,012 - database - INFO - Initializing the database.
2024-07-27 23:00:13,013 - database - INFO - Database initialized.
2024-07-27 23:00:13,014 - database - INFO - Document 'REAL-TIME LICENSE PLATE RECOGNITION AND TEXT CONVERSION USING CNN AND CAMERA IMAGING' is already uploaded: True.
2024-07-27 23:00:13,014 - chatbot - INFO - Initializing QA chain.
2024-07-27 23:00:27,781 - chatbot - INFO - Checking if question is about uploaded documents: 'who are the authors of the research about license plate?'
2024-07-27 23:00:29,039 - chatbot - INFO - Question about uploaded documents: False
2024-07-27 23:00:29,039 - chatbot - INFO - Answering question: who are the authors of the research about license plate?
2024-07-27 23:00:35,072 - chatbot - INFO - Processed 32 tokens.
2024-07-27 23:00:35,072 - __main__ - INFO - Answered question in 6.03 seconds, processing 32 tokens.
2024-07-27 23:01:52,382 - __main__ - INFO - Chatbot session ended by user.
2024-07-27 23:01:58,622 - docs_process - INFO - Loading existing chunks from cache.
2024-07-27 23:01:58,628 - docs_process - INFO - Loaded chunks from cache.
2024-07-27 23:02:02,094 - docs_process - INFO - Processing new document from path: D:\Menote\Plate Number Recognition System Final Document.pdf
2024-07-27 23:02:05,970 - docs_process - INFO - Extracted title: University of the Philippines Manila College of Arts and Sciences Department of Physical Sciences and Mathematics
2024-07-27 23:02:05,970 - docs_process - INFO - Processed document 'University of the Philippines Manila College of Arts and Sciences Department of Physical Sciences and Mathematics' into 1 chunks.
2024-07-27 23:02:05,970 - __main__ - INFO - Processed document 'University of the Philippines Manila College of Arts and Sciences Department of Physical Sciences and Mathematics' in 3.88 seconds with file size 892087 bytes and 1 chunks.
2024-07-27 23:02:05,970 - database - INFO - Checking if document 'University of the Philippines Manila College of Arts and Sciences Department of Physical Sciences and Mathematics' is already uploaded.
2024-07-27 23:02:05,970 - database - INFO - Initializing the database.
2024-07-27 23:02:05,989 - database - INFO - Database initialized.
2024-07-27 23:02:05,989 - database - INFO - Document 'University of the Philippines Manila College of Arts and Sciences Department of Physical Sciences and Mathematics' is already uploaded: False.
2024-07-27 23:02:05,989 - database - INFO - Saving text chunks to SQLite database.
2024-07-27 23:02:05,989 - database - INFO - Initializing the database.
2024-07-27 23:02:05,989 - database - INFO - Database initialized.
2024-07-27 23:02:06,143 - database - INFO - Text chunks saved to database.
2024-07-27 23:02:06,143 - docs_process - INFO - Saving chunks to cache.
2024-07-27 23:02:06,147 - docs_process - INFO - Chunks saved to cache successfully.
2024-07-27 23:02:14,857 - database - INFO - Checking if document 'University of the Philippines Manila College of Arts and Sciences Department of Physical Sciences and Mathematics' is already uploaded.
2024-07-27 23:02:14,857 - database - INFO - Initializing the database.
2024-07-27 23:02:14,858 - database - INFO - Database initialized.
2024-07-27 23:02:14,858 - database - INFO - Document 'University of the Philippines Manila College of Arts and Sciences Department of Physical Sciences and Mathematics' is already uploaded: True.
2024-07-27 23:02:14,858 - chatbot - INFO - Initializing QA chain.
2024-07-28 02:32:41,472 - chatbot - INFO - Checking if question is about uploaded documents: 'What is the documetnt of UP Manila all about ?'
2024-07-28 02:32:42,642 - chatbot - INFO - Question about uploaded documents: False
2024-07-28 02:32:42,642 - chatbot - INFO - Answering question: What is the documetnt of UP Manila all about ?
2024-07-28 02:32:52,583 - chatbot - INFO - Processed 115 tokens.
2024-07-28 02:32:52,583 - __main__ - INFO - Answered question in 9.94 seconds, processing 115 tokens.
2024-08-01 22:37:12,890 - docs_process - INFO - Loading existing chunks from cache.
2024-08-01 22:37:12,931 - docs_process - INFO - Loaded chunks from cache.
2024-08-02 23:09:49,256 - docs_process - INFO - Loading existing chunks from cache.
2024-08-02 23:09:49,344 - docs_process - INFO - No existing chunks found in cache.
2024-08-02 23:09:55,073 - docs_process - INFO - Processing new document from path: D:\Menote\Bernaldez_Karl_Resume.pdf
2024-08-02 23:09:56,417 - docs_process - INFO - Extracted title: Karl Santiago Baydal Bernaldez
2024-08-02 23:09:56,417 - docs_process - INFO - Processed document 'Karl Santiago Baydal Bernaldez' into 1 chunks.
2024-08-02 23:09:56,417 - __main__ - INFO - Processed document 'Karl Santiago Baydal Bernaldez' in 1.34 seconds with file size 160055 bytes and 1 chunks.
2024-08-02 23:09:56,417 - database - INFO - Checking if document 'Karl Santiago Baydal Bernaldez' is already uploaded.
2024-08-02 23:09:56,681 - database - INFO - Document 'Karl Santiago Baydal Bernaldez' is already uploaded: False.
2024-08-02 23:09:56,681 - database - INFO - Saving text chunks to MongoDB.
2024-08-02 23:09:56,762 - database - INFO - Text chunks saved to MongoDB.
2024-08-02 23:09:56,762 - docs_process - INFO - Saving chunks to cache.
2024-08-02 23:09:56,763 - docs_process - INFO - Chunks saved to cache successfully.
2024-08-02 23:10:02,949 - database - INFO - Checking if document 'Karl Santiago Baydal Bernaldez' is already uploaded.
2024-08-02 23:10:02,988 - database - INFO - Document 'Karl Santiago Baydal Bernaldez' is already uploaded: True.
2024-08-02 23:10:02,988 - chatbot - INFO - Initializing QA chain.
2024-08-02 23:11:03,081 - __main__ - INFO - Chatbot session ended by user.
2024-08-02 23:11:16,499 - docs_process - INFO - Loading existing chunks from cache.
2024-08-02 23:11:16,505 - docs_process - INFO - Loaded chunks from cache.
2024-08-02 23:11:18,210 - docs_process - INFO - Processing new document from path: D:\Menote\Tech_Titans_Manuscript.pdf
2024-08-02 23:11:24,027 - docs_process - INFO - Extracted title: REAL-TIME LICENSE PLATE RECOGNITION AND TEXT CONVERSION USING CNN AND CAMERA IMAGING
2024-08-02 23:11:24,027 - docs_process - INFO - Processed document 'REAL-TIME LICENSE PLATE RECOGNITION AND TEXT CONVERSION USING CNN AND CAMERA IMAGING' into 3 chunks.
2024-08-02 23:11:24,027 - __main__ - INFO - Processed document 'REAL-TIME LICENSE PLATE RECOGNITION AND TEXT CONVERSION USING CNN AND CAMERA IMAGING' in 5.82 seconds with file size 47875563 bytes and 3 chunks.
2024-08-02 23:11:24,027 - database - INFO - Checking if document 'REAL-TIME LICENSE PLATE RECOGNITION AND TEXT CONVERSION USING CNN AND CAMERA IMAGING' is already uploaded.
2024-08-02 23:11:24,331 - database - INFO - Document 'REAL-TIME LICENSE PLATE RECOGNITION AND TEXT CONVERSION USING CNN AND CAMERA IMAGING' is already uploaded: False.
2024-08-02 23:11:24,331 - database - INFO - Saving text chunks to MongoDB.
2024-08-02 23:11:24,513 - database - INFO - Text chunks saved to MongoDB.
2024-08-02 23:11:24,513 - docs_process - INFO - Saving chunks to cache.
2024-08-02 23:11:24,516 - docs_process - INFO - Chunks saved to cache successfully.
2024-08-02 23:11:32,574 - database - INFO - Checking if document 'REAL-TIME LICENSE PLATE RECOGNITION AND TEXT CONVERSION USING CNN AND CAMERA IMAGING' is already uploaded.
2024-08-02 23:11:32,620 - database - INFO - Document 'REAL-TIME LICENSE PLATE RECOGNITION AND TEXT CONVERSION USING CNN AND CAMERA IMAGING' is already uploaded: True.
2024-08-02 23:11:32,620 - chatbot - INFO - Initializing QA chain.
2024-08-02 23:12:32,490 - __main__ - INFO - Chatbot session ended by user.
2024-08-02 23:12:57,184 - docs_process - INFO - Loading existing chunks from cache.
2024-08-02 23:12:57,189 - docs_process - INFO - Loaded chunks from cache.
2024-08-02 23:12:58,908 - docs_process - INFO - Processing new document from path: D:\Menote\Tech_Titans_Manuscript.pdf
2024-08-02 23:13:04,312 - docs_process - INFO - Extracted title: REAL-TIME LICENSE PLATE RECOGNITION AND TEXT CONVERSION USING CNN AND CAMERA IMAGING
2024-08-02 23:13:04,313 - docs_process - INFO - Processed document 'REAL-TIME LICENSE PLATE RECOGNITION AND TEXT CONVERSION USING CNN AND CAMERA IMAGING' into 3 chunks.
2024-08-02 23:13:04,313 - __main__ - INFO - Processed document 'REAL-TIME LICENSE PLATE RECOGNITION AND TEXT CONVERSION USING CNN AND CAMERA IMAGING' in 5.40 seconds with file size 47875563 bytes and 3 chunks.
2024-08-02 23:13:04,313 - database - INFO - Checking if document 'REAL-TIME LICENSE PLATE RECOGNITION AND TEXT CONVERSION USING CNN AND CAMERA IMAGING' is already uploaded.
2024-08-02 23:13:04,527 - database - INFO - Document 'REAL-TIME LICENSE PLATE RECOGNITION AND TEXT CONVERSION USING CNN AND CAMERA IMAGING' is already uploaded: True.
2024-08-02 23:13:04,527 - __main__ - INFO - Document 'REAL-TIME LICENSE PLATE RECOGNITION AND TEXT CONVERSION USING CNN AND CAMERA IMAGING' is already uploaded.
2024-08-02 23:13:12,143 - database - INFO - Checking if document 'REAL-TIME LICENSE PLATE RECOGNITION AND TEXT CONVERSION USING CNN AND CAMERA IMAGING' is already uploaded.
2024-08-02 23:13:12,171 - database - INFO - Document 'REAL-TIME LICENSE PLATE RECOGNITION AND TEXT CONVERSION USING CNN AND CAMERA IMAGING' is already uploaded: True.
2024-08-02 23:13:12,171 - chatbot - INFO - Initializing QA chain.
2024-08-02 23:14:19,789 - __main__ - INFO - Chatbot session ended by user.
2024-08-02 23:17:18,421 - docs_process - INFO - Loading existing chunks from cache.
2024-08-02 23:17:18,421 - docs_process - INFO - Loaded chunks from cache.
2024-08-02 23:19:41,464 - database - INFO - Checking if document 'Tech_Titans_Manuscript.pdf' is already uploaded.
2024-08-02 23:19:41,764 - database - INFO - Document 'Tech_Titans_Manuscript.pdf' is already uploaded: False.
2024-08-02 23:19:41,764 - docs_process - INFO - Processing new document from path: D:\Menote\Tech_Titans_Manuscript.pdf
2024-08-02 23:19:47,082 - docs_process - INFO - Extracted title: REAL-TIME LICENSE PLATE RECOGNITION AND TEXT CONVERSION USING CNN AND CAMERA IMAGING
2024-08-02 23:19:47,085 - docs_process - INFO - Processed document 'REAL-TIME LICENSE PLATE RECOGNITION AND TEXT CONVERSION USING CNN AND CAMERA IMAGING' into 226 chunks.
2024-08-02 23:19:47,085 - __main__ - INFO - Processed document 'REAL-TIME LICENSE PLATE RECOGNITION AND TEXT CONVERSION USING CNN AND CAMERA IMAGING' in 5.32 seconds with file size 47875563 bytes and 226 chunks.
2024-08-02 23:19:47,085 - database - INFO - Saving text chunks to MongoDB.
2024-08-02 23:19:47,295 - database - INFO - Text chunks saved to MongoDB.
2024-08-02 23:19:47,295 - docs_process - INFO - Saving chunks to cache.
2024-08-02 23:19:47,302 - docs_process - INFO - Chunks saved to cache successfully.
2024-08-02 23:21:59,601 - docs_process - INFO - Loading existing chunks from cache.
2024-08-02 23:21:59,601 - docs_process - INFO - No existing chunks found in cache.
2024-08-02 23:22:02,539 - database - INFO - Checking if document 'Tech_Titans_Manuscript.pdf' is already uploaded.
2024-08-02 23:22:02,840 - database - INFO - Document 'Tech_Titans_Manuscript.pdf' is already uploaded: False.
2024-08-02 23:22:02,840 - docs_process - INFO - Processing new document from path: D:\Menote\Tech_Titans_Manuscript.pdf
2024-08-02 23:22:08,087 - docs_process - INFO - Extracted title: REAL-TIME LICENSE PLATE RECOGNITION AND TEXT CONVERSION USING CNN AND CAMERA IMAGING
2024-08-02 23:22:08,089 - docs_process - WARNING - Created a chunk of size 1343, which is longer than the specified 1000. Splitting further.
2024-08-02 23:22:08,089 - docs_process - WARNING - Created a chunk of size 2289, which is longer than the specified 1000. Splitting further.
2024-08-02 23:22:08,090 - docs_process - WARNING - Created a chunk of size 1334, which is longer than the specified 1000. Splitting further.
2024-08-02 23:22:08,090 - docs_process - WARNING - Created a chunk of size 1106, which is longer than the specified 1000. Splitting further.
2024-08-02 23:22:08,090 - docs_process - WARNING - Created a chunk of size 5162, which is longer than the specified 1000. Splitting further.
2024-08-02 23:22:08,090 - docs_process - WARNING - Created a chunk of size 1866, which is longer than the specified 1000. Splitting further.
2024-08-02 23:22:08,090 - docs_process - WARNING - Created a chunk of size 1390, which is longer than the specified 1000. Splitting further.
2024-08-02 23:22:08,090 - docs_process - WARNING - Created a chunk of size 1971, which is longer than the specified 1000. Splitting further.
2024-08-02 23:22:08,090 - docs_process - WARNING - Created a chunk of size 1803, which is longer than the specified 1000. Splitting further.
2024-08-02 23:22:08,090 - docs_process - WARNING - Created a chunk of size 4045, which is longer than the specified 1000. Splitting further.
2024-08-02 23:22:08,090 - docs_process - WARNING - Created a chunk of size 1828, which is longer than the specified 1000. Splitting further.
2024-08-02 23:22:08,090 - docs_process - WARNING - Created a chunk of size 5865, which is longer than the specified 1000. Splitting further.
2024-08-02 23:22:08,090 - docs_process - WARNING - Created a chunk of size 1009, which is longer than the specified 1000. Splitting further.
2024-08-02 23:22:08,090 - docs_process - WARNING - Created a chunk of size 2500, which is longer than the specified 1000. Splitting further.
2024-08-02 23:22:08,090 - docs_process - WARNING - Created a chunk of size 1581, which is longer than the specified 1000. Splitting further.
2024-08-02 23:22:08,090 - docs_process - WARNING - Created a chunk of size 1101, which is longer than the specified 1000. Splitting further.
2024-08-02 23:22:08,090 - docs_process - INFO - Processed document 'REAL-TIME LICENSE PLATE RECOGNITION AND TEXT CONVERSION USING CNN AND CAMERA IMAGING' into 255 chunks.
2024-08-02 23:22:08,090 - __main__ - INFO - Processed document 'REAL-TIME LICENSE PLATE RECOGNITION AND TEXT CONVERSION USING CNN AND CAMERA IMAGING' in 5.25 seconds with file size 47875563 bytes and 255 chunks.
2024-08-02 23:22:08,090 - database - INFO - Saving text chunks to MongoDB.
2024-08-02 23:22:08,330 - database - INFO - Text chunks saved to MongoDB.
2024-08-02 23:22:08,330 - docs_process - INFO - Saving chunks to cache.
2024-08-02 23:22:08,335 - docs_process - INFO - Chunks saved to cache successfully.
2024-08-02 23:24:43,183 - docs_process - INFO - Loading existing chunks from cache.
2024-08-02 23:24:43,183 - docs_process - INFO - No existing chunks found in cache.
2024-08-02 23:24:45,944 - database - INFO - Checking if document 'Tech_Titans_Manuscript.pdf' is already uploaded.
2024-08-02 23:24:46,201 - database - INFO - Document 'Tech_Titans_Manuscript.pdf' is already uploaded: False.
2024-08-02 23:24:46,201 - docs_process - INFO - Processing new document from path: D:\Menote\Tech_Titans_Manuscript.pdf
2024-08-02 23:24:51,761 - docs_process - INFO - Extracted title: REAL-TIME LICENSE PLATE RECOGNITION AND TEXT CONVERSION USING CNN AND CAMERA IMAGING
2024-08-02 23:24:51,764 - docs_process - WARNING - Created a chunk of size 1343, which is longer than the specified 1000. Splitting further.
2024-08-02 23:24:51,764 - docs_process - WARNING - Created a chunk of size 2289, which is longer than the specified 1000. Splitting further.
2024-08-02 23:24:51,764 - docs_process - WARNING - Created a chunk of size 1334, which is longer than the specified 1000. Splitting further.
2024-08-02 23:24:51,764 - docs_process - WARNING - Created a chunk of size 1106, which is longer than the specified 1000. Splitting further.
2024-08-02 23:24:51,765 - docs_process - WARNING - Created a chunk of size 5162, which is longer than the specified 1000. Splitting further.
2024-08-02 23:24:51,765 - docs_process - WARNING - Created a chunk of size 1866, which is longer than the specified 1000. Splitting further.
2024-08-02 23:24:51,765 - docs_process - WARNING - Created a chunk of size 1390, which is longer than the specified 1000. Splitting further.
2024-08-02 23:24:51,765 - docs_process - WARNING - Created a chunk of size 1971, which is longer than the specified 1000. Splitting further.
2024-08-02 23:24:51,765 - docs_process - WARNING - Created a chunk of size 1803, which is longer than the specified 1000. Splitting further.
2024-08-02 23:24:51,765 - docs_process - WARNING - Created a chunk of size 4045, which is longer than the specified 1000. Splitting further.
2024-08-02 23:24:51,765 - docs_process - WARNING - Created a chunk of size 1828, which is longer than the specified 1000. Splitting further.
2024-08-02 23:24:51,765 - docs_process - WARNING - Created a chunk of size 5865, which is longer than the specified 1000. Splitting further.
2024-08-02 23:24:51,765 - docs_process - WARNING - Created a chunk of size 1009, which is longer than the specified 1000. Splitting further.
2024-08-02 23:24:51,765 - docs_process - WARNING - Created a chunk of size 2500, which is longer than the specified 1000. Splitting further.
2024-08-02 23:24:51,765 - docs_process - WARNING - Created a chunk of size 1581, which is longer than the specified 1000. Splitting further.
2024-08-02 23:24:51,765 - docs_process - WARNING - Created a chunk of size 1101, which is longer than the specified 1000. Splitting further.
2024-08-02 23:24:51,765 - docs_process - INFO - Processed document 'REAL-TIME LICENSE PLATE RECOGNITION AND TEXT CONVERSION USING CNN AND CAMERA IMAGING' into 255 chunks.
2024-08-02 23:24:51,765 - __main__ - INFO - Processed document 'REAL-TIME LICENSE PLATE RECOGNITION AND TEXT CONVERSION USING CNN AND CAMERA IMAGING' in 5.56 seconds with file size 47875563 bytes and 255 chunks.
2024-08-02 23:24:51,765 - database - INFO - Saving text chunks to MongoDB.
2024-08-02 23:24:51,940 - database - INFO - Text chunks saved to MongoDB.
2024-08-02 23:24:51,940 - docs_process - INFO - Saving chunks to cache.
2024-08-02 23:24:52,010 - docs_process - INFO - Chunks saved to cache successfully.
2024-08-02 23:26:55,918 - docs_process - INFO - Loading existing chunks from cache.
2024-08-02 23:26:55,918 - docs_process - INFO - No existing chunks found in cache.
2024-08-02 23:26:59,946 - database - INFO - Checking if document 'Tech_Titans_Manuscript.pdf' is already uploaded.
2024-08-02 23:27:00,225 - database - INFO - Document 'Tech_Titans_Manuscript.pdf' is already uploaded: False.
2024-08-02 23:27:00,225 - docs_process - INFO - Processing new document from path: D:\Menote\Tech_Titans_Manuscript.pdf
2024-08-02 23:27:05,569 - docs_process - INFO - Extracted title: REAL-TIME LICENSE PLATE RECOGNITION AND TEXT CONVERSION USING CNN AND CAMERA IMAGING
2024-08-02 23:27:05,572 - docs_process - WARNING - Created a chunk of size 1343, which is longer than the specified 1000. Splitting further.
2024-08-02 23:27:05,572 - docs_process - WARNING - Created a chunk of size 2289, which is longer than the specified 1000. Splitting further.
2024-08-02 23:27:05,572 - docs_process - WARNING - Created a chunk of size 1334, which is longer than the specified 1000. Splitting further.
2024-08-02 23:27:05,572 - docs_process - WARNING - Created a chunk of size 1106, which is longer than the specified 1000. Splitting further.
2024-08-02 23:27:05,572 - docs_process - WARNING - Created a chunk of size 5162, which is longer than the specified 1000. Splitting further.
2024-08-02 23:27:05,572 - docs_process - WARNING - Created a chunk of size 1866, which is longer than the specified 1000. Splitting further.
2024-08-02 23:27:05,572 - docs_process - WARNING - Created a chunk of size 1390, which is longer than the specified 1000. Splitting further.
2024-08-02 23:27:05,572 - docs_process - WARNING - Created a chunk of size 1971, which is longer than the specified 1000. Splitting further.
2024-08-02 23:27:05,572 - docs_process - WARNING - Created a chunk of size 1803, which is longer than the specified 1000. Splitting further.
2024-08-02 23:27:05,572 - docs_process - WARNING - Created a chunk of size 4045, which is longer than the specified 1000. Splitting further.
2024-08-02 23:27:05,572 - docs_process - WARNING - Created a chunk of size 1828, which is longer than the specified 1000. Splitting further.
2024-08-02 23:27:05,572 - docs_process - WARNING - Created a chunk of size 5865, which is longer than the specified 1000. Splitting further.
2024-08-02 23:27:05,572 - docs_process - WARNING - Created a chunk of size 1009, which is longer than the specified 1000. Splitting further.
2024-08-02 23:27:05,572 - docs_process - WARNING - Created a chunk of size 2500, which is longer than the specified 1000. Splitting further.
2024-08-02 23:27:05,572 - docs_process - WARNING - Created a chunk of size 1581, which is longer than the specified 1000. Splitting further.
2024-08-02 23:27:05,572 - docs_process - WARNING - Created a chunk of size 1101, which is longer than the specified 1000. Splitting further.
2024-08-02 23:27:05,572 - docs_process - INFO - Processed document 'REAL-TIME LICENSE PLATE RECOGNITION AND TEXT CONVERSION USING CNN AND CAMERA IMAGING' into 255 chunks.
2024-08-02 23:27:05,572 - __main__ - INFO - Processed document 'REAL-TIME LICENSE PLATE RECOGNITION AND TEXT CONVERSION USING CNN AND CAMERA IMAGING' in 5.35 seconds with file size 47875563 bytes and 255 chunks.
2024-08-02 23:27:05,572 - database - INFO - Saving text chunks to MongoDB.
2024-08-02 23:27:05,780 - database - INFO - Text chunks saved to MongoDB.
2024-08-02 23:27:05,780 - docs_process - INFO - Saving chunks to cache.
2024-08-02 23:27:05,785 - docs_process - INFO - Chunks saved to cache successfully.
2024-08-02 23:29:30,498 - database - INFO - Checking if document 'REAL-TIME LICENSE PLATE RECOGNITION AND TEXT CONVERSION USING CNN AND CAMERA IMAGING' is already uploaded.
2024-08-02 23:29:30,534 - database - INFO - Document 'REAL-TIME LICENSE PLATE RECOGNITION AND TEXT CONVERSION USING CNN AND CAMERA IMAGING' is already uploaded: True.
2024-08-02 23:29:30,534 - chatbot - INFO - Initializing QA chain.
2024-08-02 23:30:18,740 - chatbot - INFO - Checking if question is about uploaded documents: 'Who are the authors?'
2024-08-02 23:30:20,025 - chatbot - INFO - Question about uploaded documents: False
2024-08-02 23:30:20,025 - chatbot - INFO - Answering question: Who are the authors?
2024-08-02 23:30:21,102 - chatbot - INFO - Processed 3 tokens.
2024-08-02 23:30:21,103 - __main__ - INFO - Answered question in 1.08 seconds, processing 3 tokens.
2024-08-02 23:30:36,145 - chatbot - INFO - Checking if question is about uploaded documents: 'Who are the authors ?'
2024-08-02 23:30:37,604 - chatbot - INFO - Question about uploaded documents: False
2024-08-02 23:30:37,604 - chatbot - INFO - Answering question: Who are the authors ?
2024-08-02 23:30:38,524 - chatbot - INFO - Processed 3 tokens.
2024-08-02 23:30:38,524 - __main__ - INFO - Answered question in 0.92 seconds, processing 3 tokens.
2024-08-02 23:31:01,034 - __main__ - INFO - Chatbot session ended by user.
2024-08-02 23:31:18,579 - docs_process - INFO - Loading existing chunks from cache.
2024-08-02 23:31:18,579 - docs_process - INFO - No existing chunks found in cache.
2024-08-02 23:31:49,506 - database - INFO - Checking if document 'Tech_Titans_Manuscript.pdf' is already uploaded.
2024-08-02 23:31:49,817 - database - INFO - Document 'Tech_Titans_Manuscript.pdf' is already uploaded: False.
2024-08-02 23:31:49,817 - docs_process - INFO - Processing new document from path: D:\Menote\Tech_Titans_Manuscript.pdf
2024-08-02 23:31:55,007 - docs_process - INFO - Extracted title: REAL-TIME LICENSE PLATE RECOGNITION AND TEXT CONVERSION USING CNN AND CAMERA IMAGING
2024-08-02 23:31:55,010 - docs_process - WARNING - Created a chunk of size 1343, which is longer than the specified 1000. Splitting further.
2024-08-02 23:31:55,010 - docs_process - WARNING - Created a chunk of size 2289, which is longer than the specified 1000. Splitting further.
2024-08-02 23:31:55,010 - docs_process - WARNING - Created a chunk of size 1334, which is longer than the specified 1000. Splitting further.
2024-08-02 23:31:55,010 - docs_process - WARNING - Created a chunk of size 1106, which is longer than the specified 1000. Splitting further.
2024-08-02 23:31:55,010 - docs_process - WARNING - Created a chunk of size 5162, which is longer than the specified 1000. Splitting further.
2024-08-02 23:31:55,010 - docs_process - WARNING - Created a chunk of size 1866, which is longer than the specified 1000. Splitting further.
2024-08-02 23:31:55,010 - docs_process - WARNING - Created a chunk of size 1390, which is longer than the specified 1000. Splitting further.
2024-08-02 23:31:55,010 - docs_process - WARNING - Created a chunk of size 1971, which is longer than the specified 1000. Splitting further.
2024-08-02 23:31:55,010 - docs_process - WARNING - Created a chunk of size 1803, which is longer than the specified 1000. Splitting further.
2024-08-02 23:31:55,010 - docs_process - WARNING - Created a chunk of size 4045, which is longer than the specified 1000. Splitting further.
2024-08-02 23:31:55,010 - docs_process - WARNING - Created a chunk of size 1828, which is longer than the specified 1000. Splitting further.
2024-08-02 23:31:55,010 - docs_process - WARNING - Created a chunk of size 5865, which is longer than the specified 1000. Splitting further.
2024-08-02 23:31:55,010 - docs_process - WARNING - Created a chunk of size 1009, which is longer than the specified 1000. Splitting further.
2024-08-02 23:31:55,010 - docs_process - WARNING - Created a chunk of size 2500, which is longer than the specified 1000. Splitting further.
2024-08-02 23:31:55,010 - docs_process - WARNING - Created a chunk of size 1581, which is longer than the specified 1000. Splitting further.
2024-08-02 23:31:55,010 - docs_process - WARNING - Created a chunk of size 1101, which is longer than the specified 1000. Splitting further.
2024-08-02 23:31:55,010 - docs_process - INFO - Processed document 'REAL-TIME LICENSE PLATE RECOGNITION AND TEXT CONVERSION USING CNN AND CAMERA IMAGING' into 255 chunks.
2024-08-02 23:31:55,010 - __main__ - INFO - Processed document 'REAL-TIME LICENSE PLATE RECOGNITION AND TEXT CONVERSION USING CNN AND CAMERA IMAGING' in 5.19 seconds with file size 47875563 bytes and 255 chunks.
2024-08-02 23:31:55,010 - database - INFO - Saving text chunks to MongoDB.
2024-08-02 23:31:55,244 - database - INFO - Text chunks saved to MongoDB.
2024-08-02 23:31:55,245 - docs_process - INFO - Saving chunks to cache.
2024-08-02 23:31:55,250 - docs_process - INFO - Chunks saved to cache successfully.
2024-08-02 23:33:04,348 - docs_process - INFO - Loading existing chunks from cache.
2024-08-02 23:33:04,348 - docs_process - INFO - No existing chunks found in cache.
2024-08-02 23:33:09,256 - docs_process - INFO - Processing new document from path: D:\Menote\Tech_Titans_Manuscript.pdf
2024-08-02 23:33:14,431 - docs_process - INFO - Extracted title: REAL-TIME LICENSE PLATE RECOGNITION AND TEXT CONVERSION USING CNN AND CAMERA IMAGING
2024-08-02 23:33:14,432 - docs_process - INFO - Processed document 'REAL-TIME LICENSE PLATE RECOGNITION AND TEXT CONVERSION USING CNN AND CAMERA IMAGING' into 3 chunks.
2024-08-02 23:33:14,432 - __main__ - INFO - Processed document 'REAL-TIME LICENSE PLATE RECOGNITION AND TEXT CONVERSION USING CNN AND CAMERA IMAGING' in 5.18 seconds with file size 47875563 bytes and 3 chunks.
2024-08-02 23:33:14,432 - database - INFO - Checking if document 'REAL-TIME LICENSE PLATE RECOGNITION AND TEXT CONVERSION USING CNN AND CAMERA IMAGING' is already uploaded.
2024-08-02 23:33:14,757 - database - INFO - Document 'REAL-TIME LICENSE PLATE RECOGNITION AND TEXT CONVERSION USING CNN AND CAMERA IMAGING' is already uploaded: False.
2024-08-02 23:33:14,757 - database - INFO - Saving text chunks to MongoDB.
2024-08-02 23:33:14,950 - database - INFO - Text chunks saved to MongoDB.
2024-08-02 23:33:14,950 - docs_process - INFO - Saving chunks to cache.
2024-08-02 23:33:14,954 - docs_process - INFO - Chunks saved to cache successfully.
2024-08-02 23:33:22,174 - database - INFO - Checking if document 'REAL-TIME LICENSE PLATE RECOGNITION AND TEXT CONVERSION USING CNN AND CAMERA IMAGING' is already uploaded.
2024-08-02 23:33:22,220 - database - INFO - Document 'REAL-TIME LICENSE PLATE RECOGNITION AND TEXT CONVERSION USING CNN AND CAMERA IMAGING' is already uploaded: True.
2024-08-02 23:33:22,220 - chatbot - INFO - Initializing QA chain.
2024-08-02 23:33:27,625 - chatbot - INFO - Checking if question is about uploaded documents: 'Who are the authors?'
2024-08-02 23:33:28,955 - chatbot - INFO - Question about uploaded documents: False
2024-08-02 23:33:28,955 - chatbot - INFO - Answering question: Who are the authors?
2024-08-02 23:33:34,609 - chatbot - INFO - Processed 32 tokens.
2024-08-02 23:33:34,609 - __main__ - INFO - Answered question in 5.65 seconds, processing 32 tokens.
2024-08-02 23:33:54,531 - chatbot - INFO - Checking if question is about uploaded documents: 'Can you describe the images in the research?'
2024-08-02 23:33:56,081 - chatbot - INFO - Question about uploaded documents: False
2024-08-02 23:33:56,081 - chatbot - INFO - Answering question: Can you describe the images in the research?
2024-08-02 23:34:00,515 - chatbot - INFO - Processed 3 tokens.
2024-08-02 23:34:00,515 - __main__ - INFO - Answered question in 4.43 seconds, processing 3 tokens.
2024-08-02 23:34:33,762 - chatbot - INFO - Checking if question is about uploaded documents: 'clear'
2024-08-02 23:35:25,329 - docs_process - INFO - Loading existing chunks from cache.
2024-08-02 23:35:25,334 - docs_process - INFO - Loaded chunks from cache.
2024-08-02 23:35:31,692 - docs_process - INFO - Processing new document from path: D:\Menote\Tech_Titans_Manuscript.pdf
2024-08-02 23:35:37,075 - docs_process - INFO - Extracted title: REAL-TIME LICENSE PLATE RECOGNITION AND TEXT CONVERSION USING CNN AND CAMERA IMAGING
2024-08-02 23:35:37,076 - docs_process - INFO - Processed document 'REAL-TIME LICENSE PLATE RECOGNITION AND TEXT CONVERSION USING CNN AND CAMERA IMAGING' into 3 chunks.
2024-08-02 23:35:37,076 - __main__ - INFO - Processed document 'REAL-TIME LICENSE PLATE RECOGNITION AND TEXT CONVERSION USING CNN AND CAMERA IMAGING' in 5.38 seconds with file size 47875563 bytes and 3 chunks.
2024-08-02 23:35:37,076 - database - INFO - Checking if document 'REAL-TIME LICENSE PLATE RECOGNITION AND TEXT CONVERSION USING CNN AND CAMERA IMAGING' is already uploaded.
2024-08-02 23:35:37,375 - database - INFO - Document 'REAL-TIME LICENSE PLATE RECOGNITION AND TEXT CONVERSION USING CNN AND CAMERA IMAGING' is already uploaded: True.
2024-08-02 23:35:37,375 - __main__ - INFO - Document 'REAL-TIME LICENSE PLATE RECOGNITION AND TEXT CONVERSION USING CNN AND CAMERA IMAGING' is already uploaded.
2024-08-02 23:35:44,406 - database - INFO - Checking if document 'REAL-TIME LICENSE PLATE RECOGNITION AND TEXT CONVERSION USING CNN AND CAMERA IMAGING' is already uploaded.
2024-08-02 23:35:44,451 - database - INFO - Document 'REAL-TIME LICENSE PLATE RECOGNITION AND TEXT CONVERSION USING CNN AND CAMERA IMAGING' is already uploaded: True.
2024-08-02 23:35:44,451 - chatbot - INFO - Initializing QA chain.
2024-08-02 23:37:59,699 - chatbot - INFO - Checking if question is about uploaded documents: 'clear'
2024-08-02 23:38:00,943 - chatbot - INFO - Question about uploaded documents: False
2024-08-02 23:38:00,943 - chatbot - INFO - Answering question: clear
2024-08-02 23:38:18,595 - docs_process - INFO - Loading existing chunks from cache.
2024-08-02 23:38:18,595 - docs_process - INFO - No existing chunks found in cache.
2024-08-02 23:38:21,575 - docs_process - INFO - Processing new document from path: D:\Menote\Tech_Titans_Manuscript.pdf
2024-08-02 23:38:26,840 - docs_process - INFO - Extracted title: REAL-TIME LICENSE PLATE RECOGNITION AND TEXT CONVERSION USING CNN AND CAMERA IMAGING
2024-08-02 23:38:26,841 - docs_process - INFO - Processed document 'REAL-TIME LICENSE PLATE RECOGNITION AND TEXT CONVERSION USING CNN AND CAMERA IMAGING' into 3 chunks.
2024-08-02 23:38:26,841 - __main__ - INFO - Processed document 'REAL-TIME LICENSE PLATE RECOGNITION AND TEXT CONVERSION USING CNN AND CAMERA IMAGING' in 5.27 seconds with file size 47875563 bytes and 3 chunks.
2024-08-02 23:38:26,841 - database - INFO - Checking if document 'REAL-TIME LICENSE PLATE RECOGNITION AND TEXT CONVERSION USING CNN AND CAMERA IMAGING' is already uploaded.
2024-08-02 23:38:57,021 - database - ERROR - Error checking if document is uploaded: your-cloud-mongodb-uri:27017: [Errno 11001] getaddrinfo failed (configured timeouts: socketTimeoutMS: 20000.0ms, connectTimeoutMS: 20000.0ms), Timeout: 30s, Topology Description: <TopologyDescription id: 66acfd687469af864f9a061f, topology_type: Unknown, servers: [<ServerDescription ('your-cloud-mongodb-uri', 27017) server_type: Unknown, rtt: None, error=AutoReconnect('your-cloud-mongodb-uri:27017: [Errno 11001] getaddrinfo failed (configured timeouts: socketTimeoutMS: 20000.0ms, connectTimeoutMS: 20000.0ms)')>]>
2024-08-02 23:38:57,021 - database - INFO - Saving text chunks to MongoDB.
2024-08-02 23:39:27,211 - database - ERROR - Error saving chunks to MongoDB: your-cloud-mongodb-uri:27017: [Errno 11001] getaddrinfo failed (configured timeouts: socketTimeoutMS: 20000.0ms, connectTimeoutMS: 20000.0ms), Timeout: 30s, Topology Description: <TopologyDescription id: 66acfd687469af864f9a061f, topology_type: Unknown, servers: [<ServerDescription ('your-cloud-mongodb-uri', 27017) server_type: Unknown, rtt: None, error=AutoReconnect('your-cloud-mongodb-uri:27017: [Errno 11001] getaddrinfo failed (configured timeouts: socketTimeoutMS: 20000.0ms, connectTimeoutMS: 20000.0ms)')>]>
2024-08-02 23:39:27,212 - docs_process - INFO - Saving chunks to cache.
2024-08-02 23:39:27,216 - docs_process - INFO - Chunks saved to cache successfully.
2024-08-02 23:39:34,597 - database - INFO - Checking if document 'REAL-TIME LICENSE PLATE RECOGNITION AND TEXT CONVERSION USING CNN AND CAMERA IMAGING' is already uploaded.
2024-08-02 23:40:04,959 - database - ERROR - Error checking if document is uploaded: your-cloud-mongodb-uri:27017: [Errno 11001] getaddrinfo failed (configured timeouts: socketTimeoutMS: 20000.0ms, connectTimeoutMS: 20000.0ms), Timeout: 30s, Topology Description: <TopologyDescription id: 66acfd687469af864f9a061f, topology_type: Unknown, servers: [<ServerDescription ('your-cloud-mongodb-uri', 27017) server_type: Unknown, rtt: None, error=AutoReconnect('your-cloud-mongodb-uri:27017: [Errno 11001] getaddrinfo failed (configured timeouts: socketTimeoutMS: 20000.0ms, connectTimeoutMS: 20000.0ms)')>]>
2024-08-02 23:40:15,586 - chatbot - INFO - Initializing QA chain.
2024-08-02 23:43:17,760 - __main__ - INFO - Chatbot session ended by user.
2024-08-02 23:45:32,956 - docs_process - INFO - Loading existing chunks from cache.
2024-08-02 23:45:32,956 - docs_process - INFO - No existing chunks found in cache.
2024-08-02 23:46:31,286 - docs_process - INFO - Processing new document from path: D:\Menote\Bernaldez_Karl_Resume.pdf
2024-08-02 23:46:32,642 - docs_process - INFO - Extracted title: Karl Santiago Baydal Bernaldez
2024-08-02 23:46:32,642 - docs_process - INFO - Processed document 'Karl Santiago Baydal Bernaldez' into 1 chunks.
2024-08-02 23:46:32,642 - __main__ - INFO - Processed document 'Karl Santiago Baydal Bernaldez' in 1.36 seconds with file size 160055 bytes and 1 chunks.
2024-08-02 23:46:32,642 - database - INFO - Checking if document 'Karl Santiago Baydal Bernaldez' is already uploaded.
2024-08-02 23:46:32,944 - database - INFO - Document 'Karl Santiago Baydal Bernaldez' is already uploaded: False.
2024-08-02 23:46:32,944 - database - INFO - Saving text chunks to MongoDB.
2024-08-02 23:46:33,015 - database - INFO - Text chunks saved to MongoDB.
2024-08-02 23:46:33,015 - docs_process - INFO - Saving chunks to cache.
2024-08-02 23:46:33,017 - docs_process - INFO - Chunks saved to cache successfully.
2024-08-02 23:46:36,371 - database - INFO - Checking if document 'Karl Santiago Baydal Bernaldez' is already uploaded.
2024-08-02 23:46:36,411 - database - INFO - Document 'Karl Santiago Baydal Bernaldez' is already uploaded: True.
2024-08-02 23:46:36,412 - chatbot - INFO - Initializing QA chain.
2024-08-02 23:48:21,108 - chatbot - INFO - Checking if question is about uploaded documents: 'Who are the authors?'
2024-08-02 23:48:22,238 - chatbot - INFO - Question about uploaded documents: False
2024-08-02 23:48:22,239 - chatbot - INFO - Answering question: Who are the authors?
2024-08-02 23:48:38,942 - chatbot - INFO - Processed 31 tokens.
2024-08-02 23:48:38,942 - __main__ - INFO - Answered question in 16.70 seconds, processing 31 tokens.
2024-08-02 23:49:17,565 - __main__ - INFO - Chatbot session ended by user.
2024-08-02 23:51:12,104 - docs_process - INFO - Loading existing chunks from cache.
2024-08-02 23:51:12,109 - docs_process - INFO - Loaded chunks from cache.
2024-08-02 23:51:19,820 - docs_process - INFO - Processing new document from path: D:\Menote\Bernaldez_Karl_Resume.pdf
2024-08-02 23:51:21,159 - docs_process - INFO - Extracted title: Karl Santiago Baydal Bernaldez
2024-08-02 23:51:21,160 - docs_process - INFO - Processed document 'Karl Santiago Baydal Bernaldez' into 1 chunks.
2024-08-02 23:51:21,160 - __main__ - INFO - Processed document 'Karl Santiago Baydal Bernaldez' in 1.34 seconds with file size 160055 bytes and 1 chunks.
2024-08-02 23:51:21,160 - database - INFO - Checking if document 'Karl Santiago Baydal Bernaldez' is already uploaded.
2024-08-02 23:51:21,519 - database - INFO - Document 'Karl Santiago Baydal Bernaldez' is already uploaded: True. Count: 1
2024-08-02 23:51:21,519 - __main__ - INFO - Document 'Karl Santiago Baydal Bernaldez' is already uploaded.
2024-08-02 23:51:24,226 - database - INFO - Checking if document 'Karl Santiago Baydal Bernaldez' is already uploaded.
2024-08-02 23:51:24,273 - database - INFO - Document 'Karl Santiago Baydal Bernaldez' is already uploaded: True. Count: 1
2024-08-02 23:51:24,273 - chatbot - INFO - Initializing QA chain.
2024-08-02 23:54:11,096 - __main__ - INFO - Chatbot session ended by user.
2024-08-02 23:54:31,788 - docs_process - INFO - Loading existing chunks from cache.
2024-08-02 23:54:31,788 - docs_process - INFO - No existing chunks found in cache.
2024-08-02 23:54:35,992 - docs_process - INFO - Processing new document from path: exit
2024-08-02 23:54:37,253 - docs_process - ERROR - Error processing document 'exit': Invalid file exit. The FileType.UNK file type is not supported in partition.
2024-08-02 23:55:13,362 - docs_process - INFO - Loading existing chunks from cache.
2024-08-02 23:55:13,362 - docs_process - INFO - No existing chunks found in cache.
2024-08-02 23:55:20,204 - docs_process - INFO - Processing new document from path: D:\Menote\Bernaldez_Karl_Resume.pdf
2024-08-02 23:55:21,657 - docs_process - INFO - Extracted title: Karl Santiago Baydal Bernaldez
2024-08-02 23:55:21,657 - docs_process - INFO - Processed document 'Karl Santiago Baydal Bernaldez' into 1 chunks.
2024-08-02 23:55:21,657 - __main__ - INFO - Processed document 'Karl Santiago Baydal Bernaldez' in 1.45 seconds with file size 160055 bytes and 1 chunks.
2024-08-02 23:55:21,657 - database - INFO - Checking if document 'Karl Santiago Baydal Bernaldez' is already uploaded.
2024-08-02 23:55:21,979 - database - INFO - Document 'Karl Santiago Baydal Bernaldez' is already uploaded: False. Count: 0
2024-08-02 23:55:21,979 - database - INFO - Saving text chunks to MongoDB.
2024-08-02 23:55:22,031 - database - INFO - Text chunks saved to MongoDB.
2024-08-02 23:55:22,031 - docs_process - INFO - Saving chunks to cache.
2024-08-02 23:55:22,034 - docs_process - INFO - Chunks saved to cache successfully.
2024-08-02 23:55:25,030 - database - INFO - Checking if document 'Karl Santiago Baydal Bernaldez' is already uploaded.
2024-08-02 23:55:25,075 - database - INFO - Document 'Karl Santiago Baydal Bernaldez' is already uploaded: True. Count: 1
2024-08-02 23:55:25,075 - chatbot - INFO - Initializing QA chain.
2024-08-02 23:55:51,731 - __main__ - INFO - Chatbot session ended by user.
2024-08-02 23:56:04,512 - docs_process - INFO - Loading existing chunks from cache.
2024-08-02 23:56:04,518 - docs_process - INFO - Loaded chunks from cache.
2024-08-02 23:56:15,956 - docs_process - INFO - Processing new document from path: D:\Menote\Bernaldez_Karl_Resume.pdf
2024-08-02 23:56:17,339 - docs_process - INFO - Extracted title: Karl Santiago Baydal Bernaldez
2024-08-02 23:56:17,340 - docs_process - INFO - Processed document 'Karl Santiago Baydal Bernaldez' into 1 chunks.
2024-08-02 23:56:17,340 - __main__ - INFO - Processed document 'Karl Santiago Baydal Bernaldez' in 1.38 seconds with file size 160055 bytes and 1 chunks.
2024-08-02 23:56:17,340 - database - INFO - Checking if document 'Karl Santiago Baydal Bernaldez' is already uploaded.
2024-08-02 23:56:17,608 - database - INFO - Document 'Karl Santiago Baydal Bernaldez' is already uploaded: True. Count: 1
2024-08-02 23:56:17,608 - __main__ - INFO - Document 'Karl Santiago Baydal Bernaldez' is already uploaded.
2024-08-02 23:56:20,278 - database - INFO - Checking if document 'Karl Santiago Baydal Bernaldez' is already uploaded.
2024-08-02 23:56:20,313 - database - INFO - Document 'Karl Santiago Baydal Bernaldez' is already uploaded: True. Count: 1
2024-08-02 23:56:20,313 - chatbot - INFO - Initializing QA chain.
2024-08-03 00:01:09,252 - __main__ - INFO - Chatbot session ended by user.
2024-08-03 00:02:25,448 - docs_process - INFO - Loading existing chunks from cache.
2024-08-03 00:02:25,448 - docs_process - INFO - No existing chunks found in cache.
2024-08-03 00:03:26,987 - docs_process - INFO - Processing new document from path: D:\Menote\Bernaldez_Karl_Resume.pdf
2024-08-03 00:03:28,326 - docs_process - INFO - Extracted title: Karl Santiago Baydal Bernaldez
2024-08-03 00:03:28,326 - docs_process - INFO - Processed document 'Karl Santiago Baydal Bernaldez' into 1 chunks.
2024-08-03 00:03:28,326 - __main__ - INFO - Processed document 'Karl Santiago Baydal Bernaldez' in 1.34 seconds with file size 160055 bytes and 1 chunks.
2024-08-03 00:03:28,326 - database - INFO - Checking if document 'Karl Santiago Baydal Bernaldez' is already uploaded.
2024-08-03 00:03:28,665 - database - INFO - Document 'Karl Santiago Baydal Bernaldez' is already uploaded: False.
2024-08-03 00:03:28,665 - database - INFO - Saving text chunks to MongoDB.
2024-08-03 00:03:28,746 - database - INFO - Text chunks saved to MongoDB.
2024-08-03 00:03:28,746 - docs_process - INFO - Saving chunks to cache.
2024-08-03 00:03:28,766 - docs_process - INFO - Chunks saved to cache successfully.
2024-08-03 00:03:31,741 - database - INFO - Checking if document 'Karl Santiago Baydal Bernaldez' is already uploaded.
2024-08-03 00:03:31,789 - database - INFO - Document 'Karl Santiago Baydal Bernaldez' is already uploaded: True.
2024-08-03 00:03:31,790 - chatbot - INFO - Initializing QA chain.
2024-08-03 00:03:41,264 - __main__ - INFO - Chatbot session ended by user.
2024-08-03 00:03:57,612 - docs_process - INFO - Loading existing chunks from cache.
2024-08-03 00:03:57,612 - docs_process - INFO - Loaded chunks from cache.
2024-08-03 00:04:21,946 - docs_process - INFO - Processing new document from path: D:\Menote\Tech_Titans_Manuscript.pdf
2024-08-03 00:04:27,101 - docs_process - INFO - Extracted title: REAL-TIME LICENSE PLATE RECOGNITION AND TEXT CONVERSION USING CNN AND CAMERA IMAGING
2024-08-03 00:04:27,102 - docs_process - INFO - Processed document 'REAL-TIME LICENSE PLATE RECOGNITION AND TEXT CONVERSION USING CNN AND CAMERA IMAGING' into 3 chunks.
2024-08-03 00:04:27,102 - __main__ - INFO - Processed document 'REAL-TIME LICENSE PLATE RECOGNITION AND TEXT CONVERSION USING CNN AND CAMERA IMAGING' in 5.16 seconds with file size 47875563 bytes and 3 chunks.
2024-08-03 00:04:27,102 - database - INFO - Checking if document 'REAL-TIME LICENSE PLATE RECOGNITION AND TEXT CONVERSION USING CNN AND CAMERA IMAGING' is already uploaded.
2024-08-03 00:04:27,413 - database - INFO - Document 'REAL-TIME LICENSE PLATE RECOGNITION AND TEXT CONVERSION USING CNN AND CAMERA IMAGING' is already uploaded: False.
2024-08-03 00:04:27,414 - database - INFO - Saving text chunks to MongoDB.
2024-08-03 00:04:27,605 - database - INFO - Text chunks saved to MongoDB.
2024-08-03 00:04:27,605 - docs_process - INFO - Saving chunks to cache.
2024-08-03 00:04:27,609 - docs_process - INFO - Chunks saved to cache successfully.
2024-08-03 00:04:30,234 - database - INFO - Checking if document 'REAL-TIME LICENSE PLATE RECOGNITION AND TEXT CONVERSION USING CNN AND CAMERA IMAGING' is already uploaded.
2024-08-03 00:04:30,276 - database - INFO - Document 'REAL-TIME LICENSE PLATE RECOGNITION AND TEXT CONVERSION USING CNN AND CAMERA IMAGING' is already uploaded: True.
2024-08-03 00:04:30,276 - chatbot - INFO - Initializing QA chain.
2024-08-03 00:05:32,259 - __main__ - INFO - Chatbot session ended by user.
2024-08-03 00:05:53,293 - docs_process - INFO - Loading existing chunks from cache.
2024-08-03 00:05:53,300 - docs_process - INFO - Loaded chunks from cache.
2024-08-03 00:06:02,213 - docs_process - INFO - Processing new document from path: D:\Menote\Bernaldez_Karl_Resume.pdf
2024-08-03 00:06:03,524 - docs_process - INFO - Extracted title: Karl Santiago Baydal Bernaldez
2024-08-03 00:06:03,524 - docs_process - INFO - Processed document 'Karl Santiago Baydal Bernaldez' into 1 chunks.
2024-08-03 00:06:03,524 - __main__ - INFO - Processed document 'Karl Santiago Baydal Bernaldez' in 1.31 seconds with file size 160055 bytes and 1 chunks.
2024-08-03 00:06:03,524 - database - INFO - Checking if document 'Karl Santiago Baydal Bernaldez' is already uploaded.
2024-08-03 00:06:03,783 - database - INFO - Document 'Karl Santiago Baydal Bernaldez' is already uploaded: True.
2024-08-03 00:06:03,783 - __main__ - INFO - Document 'Karl Santiago Baydal Bernaldez' is already uploaded.
2024-08-03 00:06:06,463 - database - INFO - Checking if document 'Karl Santiago Baydal Bernaldez' is already uploaded.
2024-08-03 00:06:06,494 - database - INFO - Document 'Karl Santiago Baydal Bernaldez' is already uploaded: True.
2024-08-03 00:06:06,494 - chatbot - INFO - Initializing QA chain.
2024-08-03 00:07:44,350 - __main__ - INFO - Chatbot session ended by user.
2024-08-03 00:08:04,459 - docs_process - INFO - Loading existing chunks from cache.
2024-08-03 00:08:04,460 - docs_process - INFO - Loaded chunks from cache.
2024-08-03 00:08:06,177 - docs_process - INFO - Processing new document from path: D:\Menote\Bernaldez_Karl_Resume.pdf
2024-08-03 00:08:07,483 - docs_process - INFO - Extracted title: Karl Santiago Baydal Bernaldez
2024-08-03 00:08:07,483 - docs_process - INFO - Processed document 'Karl Santiago Baydal Bernaldez' into 1 chunks.
2024-08-03 00:08:07,483 - __main__ - INFO - Processed document 'Karl Santiago Baydal Bernaldez' in 1.31 seconds with file size 160055 bytes and 1 chunks.
2024-08-03 00:08:07,484 - database - INFO - Checking if document 'Karl Santiago Baydal Bernaldez' is already uploaded.
2024-08-03 00:08:07,820 - database - INFO - Document 'Karl Santiago Baydal Bernaldez' is already uploaded: True.
2024-08-03 00:08:07,821 - __main__ - INFO - Document 'Karl Santiago Baydal Bernaldez' is already uploaded.
2024-08-03 00:08:10,545 - database - INFO - Checking if document 'Karl Santiago Baydal Bernaldez' is already uploaded.
2024-08-03 00:08:10,597 - database - INFO - Document 'Karl Santiago Baydal Bernaldez' is already uploaded: True.
2024-08-03 00:08:10,597 - chatbot - INFO - Initializing QA chain.
2024-08-03 00:09:43,846 - docs_process - INFO - Loading existing chunks from cache.
2024-08-03 00:09:43,846 - docs_process - INFO - Loaded chunks from cache.
2024-08-03 00:09:45,556 - docs_process - INFO - Processing new document from path: D:\Menote\Bernaldez_Karl_Resume.pdf
2024-08-03 00:09:46,849 - docs_process - INFO - Extracted title: Karl Santiago Baydal Bernaldez
2024-08-03 00:09:46,849 - docs_process - INFO - Processed document 'Karl Santiago Baydal Bernaldez' into 1 chunks.
2024-08-03 00:09:46,849 - __main__ - INFO - Processed document 'Karl Santiago Baydal Bernaldez' in 1.29 seconds with file size 160055 bytes and 1 chunks.
2024-08-03 00:09:46,850 - database - INFO - Checking if document 'Karl Santiago Baydal Bernaldez' is already uploaded.
2024-08-03 00:09:47,151 - database - INFO - Document 'Karl Santiago Baydal Bernaldez' is already uploaded: True.
2024-08-03 00:09:47,151 - __main__ - INFO - Document 'Karl Santiago Baydal Bernaldez' is already uploaded.
2024-08-03 00:09:50,068 - database - INFO - Checking if document 'Karl Santiago Baydal Bernaldez' is already uploaded.
2024-08-03 00:09:50,113 - database - INFO - Document 'Karl Santiago Baydal Bernaldez' is already uploaded: True.
2024-08-03 00:09:50,113 - chatbot - INFO - Initializing QA chain.
2024-08-03 00:10:58,470 - __main__ - INFO - Chatbot session ended by user.
2024-08-03 00:12:04,569 - docs_process - INFO - Loading existing chunks from cache.
2024-08-03 00:12:04,570 - docs_process - INFO - Loaded chunks from cache.
2024-08-03 00:12:17,212 - docs_process - INFO - Processing new document from path: D:\Menote\Bernaldez_Karl_Resume.pdf
2024-08-03 00:12:18,537 - docs_process - INFO - Extracted title: Karl Santiago Baydal Bernaldez
2024-08-03 00:12:18,537 - docs_process - INFO - Processed document 'Karl Santiago Baydal Bernaldez' into 1 chunks.
2024-08-03 00:12:18,537 - __main__ - INFO - Processed document 'Karl Santiago Baydal Bernaldez' in 1.33 seconds with file size 160055 bytes and 1 chunks.
2024-08-03 00:12:18,537 - database - INFO - Checking if document 'Karl Santiago Baydal Bernaldez' is already uploaded.
2024-08-03 00:12:18,842 - database - INFO - Document 'Karl Santiago Baydal Bernaldez' is already uploaded: True.
2024-08-03 00:12:18,842 - __main__ - INFO - Document 'Karl Santiago Baydal Bernaldez' is already uploaded.
2024-08-03 00:12:21,495 - database - INFO - Checking if document 'Karl Santiago Baydal Bernaldez' is already uploaded.
2024-08-03 00:12:21,536 - database - INFO - Document 'Karl Santiago Baydal Bernaldez' is already uploaded: True.
2024-08-03 00:12:21,536 - chatbot - INFO - Initializing QA chain.
2024-08-03 00:12:26,567 - __main__ - INFO - Chatbot session ended by user.
2024-08-03 00:15:18,332 - docs_process - INFO - Loading existing chunks from cache.
2024-08-03 00:15:18,333 - docs_process - INFO - Loaded chunks from cache.
2024-08-03 00:15:34,108 - docs_process - INFO - Processing new document from path: D:\Menote\Bernaldez_Karl_Resume.pdf
2024-08-03 00:15:35,434 - docs_process - INFO - Extracted title: Karl Santiago Baydal Bernaldez
2024-08-03 00:15:35,434 - docs_process - INFO - Processed document 'Karl Santiago Baydal Bernaldez' into 1 chunks.
2024-08-03 00:15:35,434 - __main__ - INFO - Processed document 'Karl Santiago Baydal Bernaldez' in 1.33 seconds with file size 160055 bytes and 1 chunks.
2024-08-03 00:15:35,434 - database - INFO - Checking if document 'Karl Santiago Baydal Bernaldez' is already uploaded.
2024-08-03 00:15:35,760 - database - INFO - Document 'Karl Santiago Baydal Bernaldez' is already uploaded: True.
2024-08-03 00:15:35,760 - __main__ - INFO - Document 'Karl Santiago Baydal Bernaldez' is already uploaded.
2024-08-03 00:16:42,585 - docs_process - INFO - Loading existing chunks from cache.
2024-08-03 00:16:42,586 - docs_process - INFO - Loaded chunks from cache.
2024-08-03 00:16:48,077 - docs_process - INFO - Processing new document from path: D:\Menote\Bernaldez_Karl_Resume.pdf
2024-08-03 00:16:49,386 - docs_process - INFO - Extracted title: Karl Santiago Baydal Bernaldez
2024-08-03 00:16:49,386 - docs_process - INFO - Processed document 'Karl Santiago Baydal Bernaldez' into 1 chunks.
2024-08-03 00:16:49,386 - __main__ - INFO - Processed document 'Karl Santiago Baydal Bernaldez' in 1.31 seconds with file size 160055 bytes and 1 chunks.
2024-08-03 00:16:49,386 - database - INFO - Checking if document 'Karl Santiago Baydal Bernaldez' is already uploaded.
2024-08-03 00:16:49,741 - database - INFO - Document 'Karl Santiago Baydal Bernaldez' is already uploaded: True.
2024-08-03 00:16:49,741 - __main__ - INFO - Document 'Karl Santiago Baydal Bernaldez' is already uploaded.
2024-08-03 00:16:52,402 - chatbot - INFO - Initializing QA chain.
2024-08-03 00:17:05,294 - __main__ - INFO - Chatbot session ended by user.
2024-08-03 00:17:20,569 - docs_process - INFO - Loading existing chunks from cache.
2024-08-03 00:17:20,569 - docs_process - INFO - Loaded chunks from cache.
2024-08-03 00:17:21,997 - docs_process - INFO - Processing new document from path: D:\Menote\Bernaldez_Karl_Resume.pdf
2024-08-03 00:17:23,307 - docs_process - INFO - Extracted title: Karl Santiago Baydal Bernaldez
2024-08-03 00:17:23,307 - docs_process - INFO - Processed document 'Karl Santiago Baydal Bernaldez' into 1 chunks.
2024-08-03 00:17:23,307 - __main__ - INFO - Processed document 'Karl Santiago Baydal Bernaldez' in 1.31 seconds with file size 160055 bytes and 1 chunks.
2024-08-03 00:17:23,307 - database - INFO - Checking if document 'Karl Santiago Baydal Bernaldez' is already uploaded.
2024-08-03 00:17:23,607 - database - INFO - Document 'Karl Santiago Baydal Bernaldez' is already uploaded: True.
2024-08-03 00:17:23,607 - __main__ - INFO - Document 'Karl Santiago Baydal Bernaldez' is already uploaded.
2024-08-03 00:17:26,224 - chatbot - INFO - Initializing QA chain.
2024-08-03 00:19:06,240 - docs_process - INFO - Loading existing chunks from cache.
2024-08-03 00:19:06,241 - docs_process - INFO - Loaded chunks from cache.
2024-08-03 00:19:09,402 - docs_process - INFO - Processing new document from path: D:\Menote\Bernaldez_Karl_Resume.pdf
2024-08-03 00:19:10,722 - docs_process - INFO - Extracted title: Karl Santiago Baydal Bernaldez
2024-08-03 00:19:10,722 - docs_process - INFO - Processed document 'Karl Santiago Baydal Bernaldez' into 1 chunks.
2024-08-03 00:19:10,722 - __main__ - INFO - Processed document 'Karl Santiago Baydal Bernaldez' in 1.32 seconds with file size 160055 bytes and 1 chunks.
2024-08-03 00:19:10,722 - database - INFO - Checking if document 'Karl Santiago Baydal Bernaldez' is already uploaded.
2024-08-03 00:19:11,035 - database - INFO - Document 'Karl Santiago Baydal Bernaldez' is already uploaded: True.
2024-08-03 00:19:11,035 - __main__ - INFO - Document 'Karl Santiago Baydal Bernaldez' upload status: True
2024-08-03 00:19:11,035 - __main__ - INFO - Document 'Karl Santiago Baydal Bernaldez' is already uploaded.
2024-08-03 00:19:13,673 - chatbot - INFO - Initializing QA chain.
2024-08-03 00:20:37,249 - docs_process - INFO - Loading existing chunks from cache.
2024-08-03 00:20:37,250 - docs_process - INFO - Loaded chunks from cache.
2024-08-03 00:20:38,679 - docs_process - INFO - Processing new document from path: D:\Menote\Bernaldez_Karl_Resume.pdf
2024-08-03 00:20:39,983 - docs_process - INFO - Extracted title: Karl Santiago Baydal Bernaldez
2024-08-03 00:20:39,983 - docs_process - INFO - Processed document 'Karl Santiago Baydal Bernaldez' into 1 chunks.
2024-08-03 00:20:39,983 - __main__ - INFO - Processed document 'Karl Santiago Baydal Bernaldez' in 1.30 seconds with file size 160055 bytes and 1 chunks.
2024-08-03 00:20:39,984 - database - INFO - Checking if document 'Karl Santiago Baydal Bernaldez' is already uploaded.
2024-08-03 00:20:40,282 - database - INFO - Document 'Karl Santiago Baydal Bernaldez' is already uploaded: True.
2024-08-03 00:20:40,282 - __main__ - INFO - Document 'Karl Santiago Baydal Bernaldez' upload status: True
2024-08-03 00:20:40,282 - __main__ - INFO - Document 'Karl Santiago Baydal Bernaldez' is already uploaded.
2024-08-03 00:20:42,878 - chatbot - INFO - Initializing QA chain.
2024-08-03 00:20:48,220 - chatbot - INFO - Checking if question is about uploaded documents: 'Who are the authors?'
2024-08-03 00:20:49,423 - chatbot - INFO - Question about uploaded documents: False
2024-08-03 00:20:49,423 - chatbot - INFO - Answering question: Who are the authors?
2024-08-03 00:20:58,079 - chatbot - INFO - Processed 32 tokens.
2024-08-03 00:20:58,079 - __main__ - INFO - Answered question in 8.66 seconds, processing 32 tokens.
2024-08-03 00:22:36,636 - chatbot - INFO - Checking if question is about uploaded documents: 'uploaded today'
2024-08-03 00:22:37,862 - chatbot - INFO - Question about uploaded documents: True
2024-08-03 00:22:37,862 - chatbot - INFO - Extracted date 'today': 2024-08-03
2024-08-03 00:22:37,862 - database - INFO - Fetching documents uploaded on 2024-08-03.
2024-08-03 00:22:38,045 - database - INFO - Found 2 documents uploaded on 2024-08-03.
2024-08-03 00:26:04,499 - __main__ - INFO - Chatbot session ended by user.
2024-08-03 07:26:00,633 - docs_process - INFO - Loading existing chunks from cache.
2024-08-03 07:26:00,634 - docs_process - INFO - Loaded chunks from cache.
2024-08-03 07:26:03,896 - chatbot - INFO - Initializing QA chain.
2024-08-03 07:50:10,590 - docs_process - INFO - Loading existing chunks from cache.
2024-08-03 07:50:10,590 - docs_process - INFO - Loaded chunks from cache.
2024-08-03 07:50:19,952 - docs_process - INFO - Processing new document from path: exit
2024-08-03 07:50:21,461 - docs_process - ERROR - Error processing document 'exit': Invalid file exit. The FileType.UNK file type is not supported in partition.
2024-08-03 07:50:38,587 - docs_process - INFO - Loading existing chunks from cache.
2024-08-03 07:50:38,589 - docs_process - INFO - Loaded chunks from cache.
2024-08-03 07:50:45,163 - docs_process - INFO - Processing new document from path: D:\Menote\Tech_Titans_Manuscript.pdf
2024-08-03 07:50:50,512 - docs_process - INFO - Extracted title: REAL-TIME LICENSE PLATE RECOGNITION AND TEXT CONVERSION USING CNN AND CAMERA IMAGING
2024-08-03 07:50:50,513 - docs_process - INFO - Processed document 'REAL-TIME LICENSE PLATE RECOGNITION AND TEXT CONVERSION USING CNN AND CAMERA IMAGING' into 3 chunks.
2024-08-03 07:50:50,513 - __main__ - INFO - Processed document 'REAL-TIME LICENSE PLATE RECOGNITION AND TEXT CONVERSION USING CNN AND CAMERA IMAGING' in 5.35 seconds with file size 47875563 bytes and 3 chunks.
2024-08-03 07:50:50,513 - database - INFO - Checking if document 'REAL-TIME LICENSE PLATE RECOGNITION AND TEXT CONVERSION USING CNN AND CAMERA IMAGING' is already uploaded.
2024-08-03 07:50:50,783 - database - INFO - Document 'REAL-TIME LICENSE PLATE RECOGNITION AND TEXT CONVERSION USING CNN AND CAMERA IMAGING' is already uploaded: False.
2024-08-03 07:50:50,783 - __main__ - INFO - Document 'REAL-TIME LICENSE PLATE RECOGNITION AND TEXT CONVERSION USING CNN AND CAMERA IMAGING' upload status: False
2024-08-03 07:51:36,371 - docs_process - INFO - Loading existing chunks from cache.
2024-08-03 07:51:36,371 - docs_process - INFO - Loaded chunks from cache.
2024-08-03 07:51:38,085 - docs_process - INFO - Processing new document from path: D:\Menote\Tech_Titans_Manuscript.pdf
2024-08-03 07:51:43,156 - docs_process - INFO - Extracted title: REAL-TIME LICENSE PLATE RECOGNITION AND TEXT CONVERSION USING CNN AND CAMERA IMAGING
2024-08-03 07:51:43,157 - docs_process - INFO - Processed document 'REAL-TIME LICENSE PLATE RECOGNITION AND TEXT CONVERSION USING CNN AND CAMERA IMAGING' into 3 chunks.
2024-08-03 07:51:43,157 - __main__ - INFO - Processed document 'REAL-TIME LICENSE PLATE RECOGNITION AND TEXT CONVERSION USING CNN AND CAMERA IMAGING' in 5.07 seconds with file size 47875563 bytes and 3 chunks.
2024-08-03 07:51:43,157 - database - INFO - Checking if document 'REAL-TIME LICENSE PLATE RECOGNITION AND TEXT CONVERSION USING CNN AND CAMERA IMAGING' is already uploaded.
2024-08-03 07:51:43,505 - database - INFO - Document 'REAL-TIME LICENSE PLATE RECOGNITION AND TEXT CONVERSION USING CNN AND CAMERA IMAGING' is already uploaded: False.
2024-08-03 07:51:43,506 - __main__ - INFO - Document 'REAL-TIME LICENSE PLATE RECOGNITION AND TEXT CONVERSION USING CNN AND CAMERA IMAGING' upload status: False
2024-08-03 07:51:43,506 - database - INFO - Saving text chunks to MongoDB.
2024-08-03 07:51:43,737 - database - INFO - Text chunks saved to MongoDB.
2024-08-03 07:51:43,737 - docs_process - INFO - Saving chunks to cache.
2024-08-03 07:51:43,743 - docs_process - INFO - Chunks saved to cache successfully.
2024-08-03 07:52:01,072 - chatbot - INFO - Initializing QA chain.
2024-08-03 07:53:40,820 - docs_process - INFO - Loading existing chunks from cache.
2024-08-03 07:53:40,826 - docs_process - INFO - Loaded chunks from cache.
2024-08-03 07:53:42,761 - docs_process - INFO - Processing new document from path: D:\Menote\Tech_Titans_Manuscript.pdf
2024-08-03 07:53:48,037 - docs_process - INFO - Extracted title: REAL-TIME LICENSE PLATE RECOGNITION AND TEXT CONVERSION USING CNN AND CAMERA IMAGING
2024-08-03 07:53:48,038 - docs_process - INFO - Processed document 'REAL-TIME LICENSE PLATE RECOGNITION AND TEXT CONVERSION USING CNN AND CAMERA IMAGING' into 3 chunks.
2024-08-03 07:53:48,038 - __main__ - INFO - Processed document 'REAL-TIME LICENSE PLATE RECOGNITION AND TEXT CONVERSION USING CNN AND CAMERA IMAGING' in 5.28 seconds with file size 47875563 bytes and 3 chunks.
2024-08-03 07:53:48,038 - database - INFO - Checking if document 'REAL-TIME LICENSE PLATE RECOGNITION AND TEXT CONVERSION USING CNN AND CAMERA IMAGING' is already uploaded.
2024-08-03 07:53:48,287 - database - INFO - Document 'REAL-TIME LICENSE PLATE RECOGNITION AND TEXT CONVERSION USING CNN AND CAMERA IMAGING' is already uploaded: True.
2024-08-03 07:53:48,287 - __main__ - INFO - Document 'REAL-TIME LICENSE PLATE RECOGNITION AND TEXT CONVERSION USING CNN AND CAMERA IMAGING' upload status: True
2024-08-03 07:53:48,287 - __main__ - INFO - Document 'REAL-TIME LICENSE PLATE RECOGNITION AND TEXT CONVERSION USING CNN AND CAMERA IMAGING' is already uploaded.
2024-08-03 07:53:51,276 - chatbot - INFO - Initializing QA chain.
2024-08-03 07:54:53,447 - docs_process - INFO - Loading existing chunks from cache.
2024-08-03 07:54:53,448 - docs_process - INFO - Loaded chunks from cache.
2024-08-03 07:55:17,103 - docs_process - INFO - Loading existing chunks from cache.
2024-08-03 07:55:17,103 - docs_process - INFO - Loaded chunks from cache.
2024-08-03 07:55:27,763 - docs_process - INFO - Processing new document from path: D:\Menote\Tech_Titans_Manuscript.pdf
2024-08-03 07:55:32,911 - docs_process - INFO - Extracted title: REAL-TIME LICENSE PLATE RECOGNITION AND TEXT CONVERSION USING CNN AND CAMERA IMAGING
2024-08-03 07:55:32,911 - docs_process - INFO - Processed document 'REAL-TIME LICENSE PLATE RECOGNITION AND TEXT CONVERSION USING CNN AND CAMERA IMAGING' into 3 chunks.
2024-08-03 07:55:32,912 - __main__ - INFO - Processed document 'REAL-TIME LICENSE PLATE RECOGNITION AND TEXT CONVERSION USING CNN AND CAMERA IMAGING' in 5.15 seconds with file size 47875563 bytes and 3 chunks.
2024-08-03 07:55:32,913 - database - INFO - Checking if document 'REAL-TIME LICENSE PLATE RECOGNITION AND TEXT CONVERSION USING CNN AND CAMERA IMAGING' is already uploaded.
2024-08-03 07:55:33,205 - database - INFO - Document 'REAL-TIME LICENSE PLATE RECOGNITION AND TEXT CONVERSION USING CNN AND CAMERA IMAGING' is already uploaded: True.
2024-08-03 07:55:33,206 - __main__ - INFO - Document 'REAL-TIME LICENSE PLATE RECOGNITION AND TEXT CONVERSION USING CNN AND CAMERA IMAGING' upload status: True
2024-08-03 07:55:33,206 - __main__ - INFO - Document 'REAL-TIME LICENSE PLATE RECOGNITION AND TEXT CONVERSION USING CNN AND CAMERA IMAGING' is already uploaded.
2024-08-03 07:55:35,874 - chatbot - INFO - Initializing QA chain.
2024-08-03 07:57:37,776 - docs_process - INFO - Loading existing chunks from cache.
2024-08-03 07:57:37,777 - docs_process - INFO - Loaded chunks from cache.
2024-08-03 07:57:40,984 - docs_process - INFO - Processing new document from path: D:\Menote\Tech_Titans_Manuscript.pdf
2024-08-03 07:57:46,112 - docs_process - INFO - Extracted title: REAL-TIME LICENSE PLATE RECOGNITION AND TEXT CONVERSION USING CNN AND CAMERA IMAGING
2024-08-03 07:57:46,112 - docs_process - INFO - Processed document 'REAL-TIME LICENSE PLATE RECOGNITION AND TEXT CONVERSION USING CNN AND CAMERA IMAGING' into 3 chunks.
2024-08-03 07:57:46,112 - __main__ - INFO - Processed document 'REAL-TIME LICENSE PLATE RECOGNITION AND TEXT CONVERSION USING CNN AND CAMERA IMAGING' in 5.13 seconds with file size 47875563 bytes and 3 chunks.
2024-08-03 07:57:46,113 - database - INFO - Checking if document 'REAL-TIME LICENSE PLATE RECOGNITION AND TEXT CONVERSION USING CNN AND CAMERA IMAGING' is already uploaded.
2024-08-03 07:57:46,418 - database - INFO - Document 'REAL-TIME LICENSE PLATE RECOGNITION AND TEXT CONVERSION USING CNN AND CAMERA IMAGING' is already uploaded: True.
2024-08-03 07:57:46,418 - __main__ - INFO - Document 'REAL-TIME LICENSE PLATE RECOGNITION AND TEXT CONVERSION USING CNN AND CAMERA IMAGING' upload status: True
2024-08-03 07:57:46,418 - __main__ - INFO - Document 'REAL-TIME LICENSE PLATE RECOGNITION AND TEXT CONVERSION USING CNN AND CAMERA IMAGING' is already uploaded.
2024-08-03 07:57:49,080 - chatbot - INFO - Initializing QA chain.
2024-08-03 07:58:07,693 - chatbot - INFO - Checking if question is about uploaded documents: 'for the authors of This research'
2024-08-03 07:58:08,861 - chatbot - INFO - Question about uploaded documents: False
2024-08-03 07:58:08,861 - chatbot - INFO - Answering question: for the authors of This research
2024-08-03 07:58:15,499 - chatbot - INFO - Processed 32 tokens.
2024-08-03 07:58:15,499 - __main__ - INFO - Answered question in 6.64 seconds, processing 32 tokens.
2024-08-03 07:58:36,143 - chatbot - INFO - Checking if question is about uploaded documents: 'what is the topic of This research'
2024-08-03 07:58:37,421 - chatbot - INFO - Question about uploaded documents: False
2024-08-03 07:58:37,421 - chatbot - INFO - Answering question: what is the topic of This research
2024-08-03 07:58:42,757 - chatbot - INFO - Processed 18 tokens.
2024-08-03 07:58:42,757 - __main__ - INFO - Answered question in 5.34 seconds, processing 18 tokens.
2024-08-03 08:01:23,409 - docs_process - INFO - Loading existing chunks from cache.
2024-08-03 08:01:23,410 - docs_process - INFO - Loaded chunks from cache.
2024-08-03 08:01:32,699 - docs_process - INFO - Processing new document from path: D:\Menote\Tech_Titans_Manuscript.pdf
2024-08-03 08:01:37,790 - docs_process - INFO - Extracted title: REAL-TIME LICENSE PLATE RECOGNITION AND TEXT CONVERSION USING CNN AND CAMERA IMAGING
2024-08-03 08:01:37,790 - docs_process - INFO - Processed document 'REAL-TIME LICENSE PLATE RECOGNITION AND TEXT CONVERSION USING CNN AND CAMERA IMAGING' into 3 chunks.
2024-08-03 08:01:37,790 - __main__ - INFO - Processed document 'REAL-TIME LICENSE PLATE RECOGNITION AND TEXT CONVERSION USING CNN AND CAMERA IMAGING' in 5.09 seconds with file size 47875563 bytes and 3 chunks.
2024-08-03 08:01:37,791 - database - INFO - Checking if document 'REAL-TIME LICENSE PLATE RECOGNITION AND TEXT CONVERSION USING CNN AND CAMERA IMAGING' is already uploaded.
2024-08-03 08:01:38,083 - database - INFO - Document 'REAL-TIME LICENSE PLATE RECOGNITION AND TEXT CONVERSION USING CNN AND CAMERA IMAGING' is already uploaded: True.
2024-08-03 08:01:38,084 - __main__ - INFO - Document 'REAL-TIME LICENSE PLATE RECOGNITION AND TEXT CONVERSION USING CNN AND CAMERA IMAGING' upload status: True
2024-08-03 08:01:38,084 - __main__ - INFO - Document 'REAL-TIME LICENSE PLATE RECOGNITION AND TEXT CONVERSION USING CNN AND CAMERA IMAGING' is already uploaded.
2024-08-03 08:01:40,786 - chatbot - INFO - Initializing QA chain.
2024-08-03 08:02:11,099 - chatbot - INFO - Checking if question is about uploaded documents: 'who are the authors of This research'
2024-08-03 08:02:12,219 - chatbot - INFO - Question about uploaded documents: False
2024-08-03 08:02:12,219 - chatbot - INFO - Answering question: who are the authors of This research
2024-08-03 08:02:18,382 - chatbot - INFO - Processed 32 tokens.
2024-08-03 08:02:18,382 - __main__ - INFO - Answered question in 6.16 seconds, processing 32 tokens.
2024-08-03 08:03:36,839 - chatbot - INFO - Checking if question is about uploaded documents: 'what is this research all about and what are the key points of This research'
2024-08-03 08:03:38,288 - chatbot - INFO - Question about uploaded documents: False
2024-08-03 08:03:38,288 - chatbot - INFO - Answering question: what is this research all about and what are the key points of This research
2024-08-03 08:03:53,282 - chatbot - INFO - Processed 289 tokens.
2024-08-03 08:03:53,282 - __main__ - INFO - Answered question in 14.99 seconds, processing 289 tokens.
2024-08-03 08:12:59,758 - docs_process - INFO - Loading existing chunks from cache.
2024-08-03 08:12:59,759 - docs_process - INFO - Loaded chunks from cache.
2024-08-03 08:13:05,166 - docs_process - INFO - Processing new document from path: D:\Menote\Tech_Titans_Manuscript.pdf
2024-08-03 08:13:10,407 - docs_process - INFO - Extracted title: REAL-TIME LICENSE PLATE RECOGNITION AND TEXT CONVERSION USING CNN AND CAMERA IMAGING
2024-08-03 08:13:10,408 - docs_process - INFO - Processed document 'REAL-TIME LICENSE PLATE RECOGNITION AND TEXT CONVERSION USING CNN AND CAMERA IMAGING' into 3 chunks.
2024-08-03 08:13:10,408 - __main__ - INFO - Processed document 'REAL-TIME LICENSE PLATE RECOGNITION AND TEXT CONVERSION USING CNN AND CAMERA IMAGING' in 5.24 seconds with file size 47875563 bytes and 3 chunks.
2024-08-03 08:13:10,408 - database - INFO - Checking if document 'REAL-TIME LICENSE PLATE RECOGNITION AND TEXT CONVERSION USING CNN AND CAMERA IMAGING' is already uploaded.
2024-08-03 08:13:10,704 - database - INFO - Document 'REAL-TIME LICENSE PLATE RECOGNITION AND TEXT CONVERSION USING CNN AND CAMERA IMAGING' is already uploaded: True.
2024-08-03 08:13:10,704 - __main__ - INFO - Document 'REAL-TIME LICENSE PLATE RECOGNITION AND TEXT CONVERSION USING CNN AND CAMERA IMAGING' upload status: True
2024-08-03 08:13:10,704 - __main__ - INFO - Document 'REAL-TIME LICENSE PLATE RECOGNITION AND TEXT CONVERSION USING CNN AND CAMERA IMAGING' is already uploaded.
2024-08-03 08:13:13,631 - chatbot - INFO - Initializing QA chain.
2024-08-03 08:13:36,092 - chatbot - INFO - Checking if question is about uploaded documents: 'who are the authors of This research'
2024-08-03 08:13:37,295 - chatbot - INFO - Question about uploaded documents: False
2024-08-03 08:14:28,449 - docs_process - INFO - Loading existing chunks from cache.
2024-08-03 08:14:28,450 - docs_process - INFO - Loaded chunks from cache.
2024-08-03 08:14:33,136 - docs_process - INFO - Processing new document from path: D:\Menote\Tech_Titans_Manuscript.pdf
2024-08-03 08:14:38,189 - docs_process - INFO - Extracted title: REAL-TIME LICENSE PLATE RECOGNITION AND TEXT CONVERSION USING CNN AND CAMERA IMAGING
2024-08-03 08:14:38,189 - docs_process - INFO - Processed document 'REAL-TIME LICENSE PLATE RECOGNITION AND TEXT CONVERSION USING CNN AND CAMERA IMAGING' into 3 chunks.
2024-08-03 08:14:38,189 - __main__ - INFO - Processed document 'REAL-TIME LICENSE PLATE RECOGNITION AND TEXT CONVERSION USING CNN AND CAMERA IMAGING' in 5.05 seconds with file size 47875563 bytes and 3 chunks.
2024-08-03 08:14:38,189 - database - INFO - Checking if document 'REAL-TIME LICENSE PLATE RECOGNITION AND TEXT CONVERSION USING CNN AND CAMERA IMAGING' is already uploaded.
2024-08-03 08:14:38,468 - database - INFO - Document 'REAL-TIME LICENSE PLATE RECOGNITION AND TEXT CONVERSION USING CNN AND CAMERA IMAGING' is already uploaded: True.
2024-08-03 08:14:38,469 - __main__ - INFO - Document 'REAL-TIME LICENSE PLATE RECOGNITION AND TEXT CONVERSION USING CNN AND CAMERA IMAGING' upload status: True
2024-08-03 08:14:38,469 - __main__ - INFO - Document 'REAL-TIME LICENSE PLATE RECOGNITION AND TEXT CONVERSION USING CNN AND CAMERA IMAGING' is already uploaded.
2024-08-03 08:14:41,112 - chatbot - INFO - Initializing QA chain.
2024-08-03 08:14:58,621 - chatbot - INFO - Checking if question is about uploaded documents: 'who are the authors of This research'
2024-08-03 08:14:59,962 - chatbot - INFO - Question about uploaded documents: False
2024-08-03 08:14:59,962 - chatbot - INFO - Answering question: who are the authors of This research
2024-08-03 08:15:05,183 - chatbot - INFO - Processed 32 tokens.
2024-08-03 08:15:05,184 - chatbot - INFO - Answered question in 5.22 seconds, processing 32 tokens.
2024-08-03 08:26:56,925 - docs_process - INFO - Loading existing chunks from cache.
2024-08-03 08:26:56,926 - docs_process - INFO - Loaded chunks from cache.
2024-08-03 08:27:14,950 - docs_process - INFO - Processing new document from path: D:\Menote\Tech_Titans_Manuscript.pdf
2024-08-03 08:27:20,077 - docs_process - INFO - Extracted title: REAL-TIME LICENSE PLATE RECOGNITION AND TEXT CONVERSION USING CNN AND CAMERA IMAGING
2024-08-03 08:27:20,078 - docs_process - INFO - Processed document 'REAL-TIME LICENSE PLATE RECOGNITION AND TEXT CONVERSION USING CNN AND CAMERA IMAGING' into 3 chunks.
2024-08-03 08:27:20,078 - __main__ - INFO - Processed document 'REAL-TIME LICENSE PLATE RECOGNITION AND TEXT CONVERSION USING CNN AND CAMERA IMAGING' in 5.13 seconds with file size 47875563 bytes and 3 chunks.
2024-08-03 08:27:20,078 - database - INFO - Checking if document 'REAL-TIME LICENSE PLATE RECOGNITION AND TEXT CONVERSION USING CNN AND CAMERA IMAGING' is already uploaded.
2024-08-03 08:27:20,349 - database - INFO - Document 'REAL-TIME LICENSE PLATE RECOGNITION AND TEXT CONVERSION USING CNN AND CAMERA IMAGING' is already uploaded: True.
2024-08-03 08:27:20,349 - __main__ - INFO - Document 'REAL-TIME LICENSE PLATE RECOGNITION AND TEXT CONVERSION USING CNN AND CAMERA IMAGING' upload status: True
2024-08-03 08:27:20,349 - __main__ - INFO - Document 'REAL-TIME LICENSE PLATE RECOGNITION AND TEXT CONVERSION USING CNN AND CAMERA IMAGING' is already uploaded.
2024-08-03 08:27:23,319 - chatbot - INFO - Initializing QA chain.
2024-08-03 08:27:44,968 - chatbot - INFO - Checking if question is about uploaded documents: 'who are the authors of This research'
2024-08-03 08:27:46,465 - chatbot - INFO - Question about uploaded documents: False
2024-08-03 08:27:46,465 - chatbot - INFO - Answering question: who are the authors of This research
2024-08-03 08:27:52,559 - chatbot - INFO - Processed 32 tokens.
2024-08-03 08:27:52,559 - chatbot - INFO - Answered question in 6.09 seconds, processing 32 tokens.
2024-08-03 08:30:50,523 - docs_process - INFO - Loading existing chunks from cache.
2024-08-03 08:30:50,523 - docs_process - INFO - Loaded chunks from cache.
2024-08-03 08:31:29,549 - docs_process - INFO - Processing new document from path: D:\Menote\Tech_Titans_Manuscript.pdf
2024-08-03 08:31:34,841 - docs_process - INFO - Extracted title: REAL-TIME LICENSE PLATE RECOGNITION AND TEXT CONVERSION USING CNN AND CAMERA IMAGING
2024-08-03 08:31:34,841 - docs_process - INFO - Processed document 'REAL-TIME LICENSE PLATE RECOGNITION AND TEXT CONVERSION USING CNN AND CAMERA IMAGING' into 3 chunks.
2024-08-03 08:31:34,841 - __main__ - INFO - Processed document 'REAL-TIME LICENSE PLATE RECOGNITION AND TEXT CONVERSION USING CNN AND CAMERA IMAGING' in 5.29 seconds with file size 47875563 bytes and 3 chunks.
2024-08-03 08:31:34,842 - database - INFO - Checking if document 'REAL-TIME LICENSE PLATE RECOGNITION AND TEXT CONVERSION USING CNN AND CAMERA IMAGING' is already uploaded.
2024-08-03 08:31:35,130 - database - INFO - Document 'REAL-TIME LICENSE PLATE RECOGNITION AND TEXT CONVERSION USING CNN AND CAMERA IMAGING' is already uploaded: True.
2024-08-03 08:31:35,130 - __main__ - INFO - Document 'REAL-TIME LICENSE PLATE RECOGNITION AND TEXT CONVERSION USING CNN AND CAMERA IMAGING' upload status: True
2024-08-03 08:31:35,130 - __main__ - INFO - Document 'REAL-TIME LICENSE PLATE RECOGNITION AND TEXT CONVERSION USING CNN AND CAMERA IMAGING' is already uploaded.
2024-08-03 08:31:39,573 - chatbot - INFO - Initializing QA chain.
2024-08-03 08:31:55,135 - chatbot - INFO - Checking if question is about uploaded documents: 'who are the authors of This research'
2024-08-03 08:31:56,587 - chatbot - INFO - Question about uploaded documents: False
2024-08-03 08:31:56,587 - chatbot - INFO - Answering question: who are the authors of This research
2024-08-03 08:32:02,070 - chatbot - INFO - Processed 32 tokens.
2024-08-03 08:32:02,070 - chatbot - INFO - Answered question in 5.48 seconds, processing 32 tokens.
2024-08-03 08:35:03,282 - docs_process - INFO - Loading existing chunks from cache.
2024-08-03 08:35:03,282 - docs_process - INFO - Loaded chunks from cache.
2024-08-03 08:35:05,267 - docs_process - INFO - Processing new document from path: D:\Menote\Tech_Titans_Manuscript.pdf
2024-08-03 08:35:10,389 - docs_process - INFO - Extracted title: REAL-TIME LICENSE PLATE RECOGNITION AND TEXT CONVERSION USING CNN AND CAMERA IMAGING
2024-08-03 08:35:10,390 - docs_process - INFO - Processed document 'REAL-TIME LICENSE PLATE RECOGNITION AND TEXT CONVERSION USING CNN AND CAMERA IMAGING' into 3 chunks.
2024-08-03 08:35:10,390 - __main__ - INFO - Processed document 'REAL-TIME LICENSE PLATE RECOGNITION AND TEXT CONVERSION USING CNN AND CAMERA IMAGING' in 5.12 seconds with file size 47875563 bytes and 3 chunks.
2024-08-03 08:35:10,390 - database - INFO - Checking if document 'REAL-TIME LICENSE PLATE RECOGNITION AND TEXT CONVERSION USING CNN AND CAMERA IMAGING' is already uploaded.
2024-08-03 08:35:10,655 - database - INFO - Document 'REAL-TIME LICENSE PLATE RECOGNITION AND TEXT CONVERSION USING CNN AND CAMERA IMAGING' is already uploaded: True.
2024-08-03 08:35:10,655 - __main__ - INFO - Document 'REAL-TIME LICENSE PLATE RECOGNITION AND TEXT CONVERSION USING CNN AND CAMERA IMAGING' upload status: True
2024-08-03 08:35:10,655 - __main__ - INFO - Document 'REAL-TIME LICENSE PLATE RECOGNITION AND TEXT CONVERSION USING CNN AND CAMERA IMAGING' is already uploaded.
2024-08-03 08:35:13,471 - chatbot - INFO - Initializing QA chain.
2024-08-03 08:35:25,606 - chatbot - INFO - Checking if question is about uploaded documents: 'who are the authors of This research'
2024-08-03 08:35:26,887 - chatbot - INFO - Question about uploaded documents: False
2024-08-03 08:35:26,887 - chatbot - INFO - Answering question: who are the authors of This research
2024-08-03 08:35:32,790 - chatbot - INFO - Processed 32 tokens.
2024-08-03 08:35:32,790 - chatbot - INFO - Answered question in 5.90 seconds, processing 32 tokens.
2024-08-03 08:37:10,300 - docs_process - INFO - Loading existing chunks from cache.
2024-08-03 08:37:10,301 - docs_process - INFO - Loaded chunks from cache.
2024-08-03 08:37:12,549 - docs_process - INFO - Processing new document from path: D:\Menote\Tech_Titans_Manuscript.pdf
2024-08-03 08:37:17,645 - docs_process - INFO - Extracted title: REAL-TIME LICENSE PLATE RECOGNITION AND TEXT CONVERSION USING CNN AND CAMERA IMAGING
2024-08-03 08:37:17,646 - docs_process - INFO - Processed document 'REAL-TIME LICENSE PLATE RECOGNITION AND TEXT CONVERSION USING CNN AND CAMERA IMAGING' into 3 chunks.
2024-08-03 08:37:17,646 - __main__ - INFO - Processed document 'REAL-TIME LICENSE PLATE RECOGNITION AND TEXT CONVERSION USING CNN AND CAMERA IMAGING' in 5.10 seconds with file size 47875563 bytes and 3 chunks.
2024-08-03 08:37:17,646 - database - INFO - Checking if document 'REAL-TIME LICENSE PLATE RECOGNITION AND TEXT CONVERSION USING CNN AND CAMERA IMAGING' is already uploaded.
2024-08-03 08:37:17,953 - database - INFO - Document 'REAL-TIME LICENSE PLATE RECOGNITION AND TEXT CONVERSION USING CNN AND CAMERA IMAGING' is already uploaded: True.
2024-08-03 08:37:17,953 - __main__ - INFO - Document 'REAL-TIME LICENSE PLATE RECOGNITION AND TEXT CONVERSION USING CNN AND CAMERA IMAGING' upload status: True
2024-08-03 08:37:17,953 - __main__ - INFO - Document 'REAL-TIME LICENSE PLATE RECOGNITION AND TEXT CONVERSION USING CNN AND CAMERA IMAGING' is already uploaded.
2024-08-03 08:37:20,737 - chatbot - INFO - Initializing QA chain.
2024-08-03 08:37:43,351 - chatbot - INFO - Checking if question is about uploaded documents: 'who are the authors of the series'
2024-08-03 08:37:44,581 - chatbot - INFO - Question about uploaded documents: False
2024-08-03 08:37:44,581 - chatbot - INFO - Answering question: who are the authors of the series
2024-08-03 08:37:54,096 - chatbot - INFO - Processed 31 tokens.
2024-08-03 08:37:54,096 - chatbot - INFO - Answered question in 9.51 seconds, processing 31 tokens.
2024-08-03 08:40:05,395 - docs_process - INFO - Loading existing chunks from cache.
2024-08-03 08:40:05,395 - docs_process - INFO - Loaded chunks from cache.
2024-08-03 08:40:08,219 - docs_process - INFO - Processing new document from path: D:\Menote\Tech_Titans_Manuscript.pdf
2024-08-03 08:40:13,342 - docs_process - INFO - Extracted title: REAL-TIME LICENSE PLATE RECOGNITION AND TEXT CONVERSION USING CNN AND CAMERA IMAGING
2024-08-03 08:40:13,342 - docs_process - INFO - Processed document 'REAL-TIME LICENSE PLATE RECOGNITION AND TEXT CONVERSION USING CNN AND CAMERA IMAGING' into 3 chunks.
2024-08-03 08:40:13,342 - __main__ - INFO - Processed document 'REAL-TIME LICENSE PLATE RECOGNITION AND TEXT CONVERSION USING CNN AND CAMERA IMAGING' in 5.12 seconds with file size 47875563 bytes and 3 chunks.
2024-08-03 08:40:13,342 - database - INFO - Checking if document 'REAL-TIME LICENSE PLATE RECOGNITION AND TEXT CONVERSION USING CNN AND CAMERA IMAGING' is already uploaded.
2024-08-03 08:40:13,675 - database - INFO - Document 'REAL-TIME LICENSE PLATE RECOGNITION AND TEXT CONVERSION USING CNN AND CAMERA IMAGING' is already uploaded: True.
2024-08-03 08:40:13,675 - __main__ - INFO - Document 'REAL-TIME LICENSE PLATE RECOGNITION AND TEXT CONVERSION USING CNN AND CAMERA IMAGING' upload status: True
2024-08-03 08:40:13,675 - __main__ - INFO - Document 'REAL-TIME LICENSE PLATE RECOGNITION AND TEXT CONVERSION USING CNN AND CAMERA IMAGING' is already uploaded.
2024-08-03 08:40:16,599 - chatbot - INFO - Initializing QA chain.
2024-08-03 08:40:35,690 - chatbot - INFO - Checking if question is about uploaded documents: 'who are the authors of the research'
2024-08-03 08:40:37,061 - chatbot - INFO - Question about uploaded documents: False
2024-08-03 08:40:37,061 - chatbot - INFO - Answering question: who are the authors of the research
2024-08-03 08:40:44,119 - chatbot - INFO - Processed 32 tokens.
2024-08-03 08:40:44,119 - chatbot - INFO - Answered question in 7.06 seconds, processing 32 tokens.
2024-08-03 08:42:12,915 - chatbot - INFO - Checking if question is about uploaded documents: 'what are the methodologies of This research'
2024-08-03 08:42:14,099 - chatbot - INFO - Question about uploaded documents: False
2024-08-03 08:42:14,099 - chatbot - INFO - Answering question: what are the methodologies of This research
2024-08-03 08:42:26,048 - chatbot - INFO - Processed 305 tokens.
2024-08-03 08:42:26,048 - chatbot - INFO - Answered question in 11.95 seconds, processing 305 tokens.
2024-08-03 08:51:27,783 - docs_process - INFO - Loading existing chunks from cache.
2024-08-03 08:51:27,784 - docs_process - INFO - Loaded chunks from cache.
2024-08-03 08:51:34,559 - docs_process - INFO - Processing new document from path: D:\Menote\Tech_Titans_Manuscript.pdf
2024-08-03 08:51:39,668 - docs_process - INFO - Extracted title: REAL-TIME LICENSE PLATE RECOGNITION AND TEXT CONVERSION USING CNN AND CAMERA IMAGING
2024-08-03 08:51:39,669 - docs_process - INFO - Processed document 'REAL-TIME LICENSE PLATE RECOGNITION AND TEXT CONVERSION USING CNN AND CAMERA IMAGING' into 3 chunks.
2024-08-03 08:51:39,669 - __main__ - INFO - Processed document 'REAL-TIME LICENSE PLATE RECOGNITION AND TEXT CONVERSION USING CNN AND CAMERA IMAGING' in 5.11 seconds with file size 47875563 bytes and 3 chunks.
2024-08-03 08:51:39,669 - database - INFO - Checking if document 'REAL-TIME LICENSE PLATE RECOGNITION AND TEXT CONVERSION USING CNN AND CAMERA IMAGING' is already uploaded.
2024-08-03 08:51:39,954 - database - INFO - Document 'REAL-TIME LICENSE PLATE RECOGNITION AND TEXT CONVERSION USING CNN AND CAMERA IMAGING' is already uploaded: True.
2024-08-03 08:51:39,954 - __main__ - INFO - Document 'REAL-TIME LICENSE PLATE RECOGNITION AND TEXT CONVERSION USING CNN AND CAMERA IMAGING' upload status: True
2024-08-03 08:51:39,954 - __main__ - INFO - Document 'REAL-TIME LICENSE PLATE RECOGNITION AND TEXT CONVERSION USING CNN AND CAMERA IMAGING' is already uploaded.
2024-08-03 08:51:42,901 - chatbot - INFO - Initializing QA chain.
2024-08-03 08:52:37,674 - chatbot - INFO - Checking if question is about uploaded documents: 'who are the authors of This research'
2024-08-03 08:52:38,848 - chatbot - INFO - Question about uploaded documents: False
2024-08-03 08:52:38,848 - chatbot - INFO - Answering question: who are the authors of This research
2024-08-03 08:52:44,107 - chatbot - INFO - Processed 32 tokens.
2024-08-03 08:52:44,107 - chatbot - INFO - Answered question in 5.26 seconds, processing 32 tokens.
2024-08-03 08:53:38,841 - chatbot - INFO - Checking if question is about uploaded documents: 'what are the key points of This research'
2024-08-03 08:53:39,935 - chatbot - INFO - Question about uploaded documents: False
2024-08-03 08:53:39,936 - chatbot - INFO - Answering question: what are the key points of This research
2024-08-03 08:53:52,620 - chatbot - INFO - Processed 314 tokens.
2024-08-03 08:53:52,620 - chatbot - INFO - Answered question in 12.68 seconds, processing 314 tokens.
2024-08-03 09:00:52,410 - chatbot - INFO - Checking if question is about uploaded documents: 'who are the authors of This research'
2024-08-03 09:00:53,641 - chatbot - INFO - Question about uploaded documents: False
2024-08-03 09:00:53,641 - chatbot - INFO - Answering question: who are the authors of This research
2024-08-03 09:00:59,788 - chatbot - INFO - Processed 32 tokens.
2024-08-03 09:00:59,788 - chatbot - INFO - Answered question in 6.15 seconds, processing 32 tokens.
2024-08-03 09:01:43,215 - chatbot - INFO - Checking if question is about uploaded documents: 'who are the authors of the research titled real time license plate recognition and text conversion using CNN and Camera Imaging'
2024-08-03 09:01:44,850 - chatbot - INFO - Question about uploaded documents: False
2024-08-03 09:01:44,850 - chatbot - INFO - Answering question: who are the authors of the research titled real time license plate recognition and text conversion using CNN and Camera Imaging
2024-08-03 09:01:52,038 - chatbot - INFO - Processed 32 tokens.
2024-08-03 09:01:52,039 - chatbot - INFO - Answered question in 7.19 seconds, processing 32 tokens.
2024-08-03 09:05:57,634 - chatbot - INFO - Checking if question is about uploaded documents: 'what is the overall accuracy of This research'
2024-08-03 09:05:58,597 - chatbot - INFO - Question about uploaded documents: False
2024-08-03 09:05:58,598 - chatbot - INFO - Answering question: what is the overall accuracy of This research
2024-08-03 09:06:05,088 - chatbot - INFO - Processed 9 tokens.
2024-08-03 09:06:05,088 - chatbot - INFO - Answered question in 6.49 seconds, processing 9 tokens.
2024-08-03 09:08:08,116 - chatbot - INFO - Checking if question is about uploaded documents: 'what is the overall or the F1 score of This research'
2024-08-03 09:08:09,345 - chatbot - INFO - Question about uploaded documents: False
2024-08-03 09:08:09,345 - chatbot - INFO - Answering question: what is the overall or the F1 score of This research
2024-08-03 09:08:14,511 - chatbot - INFO - Processed 9 tokens.
2024-08-03 09:08:14,511 - chatbot - INFO - Answered question in 5.17 seconds, processing 9 tokens.
2024-08-03 09:08:42,458 - chatbot - INFO - Checking if question is about uploaded documents: 'what is the overall accuracy of this prototype'
2024-08-03 09:08:43,497 - chatbot - INFO - Question about uploaded documents: False
2024-08-03 09:08:43,499 - chatbot - INFO - Answering question: what is the overall accuracy of this prototype
2024-08-03 09:08:50,056 - chatbot - INFO - Processed 8 tokens.
2024-08-03 09:08:50,056 - chatbot - INFO - Answered question in 6.56 seconds, processing 8 tokens.
2024-08-03 09:09:05,803 - chatbot - INFO - Checking if question is about uploaded documents: 'what this'
2024-08-03 09:09:07,653 - chatbot - INFO - Question about uploaded documents: False
2024-08-03 09:09:07,653 - chatbot - INFO - Answering question: what this
2024-08-03 09:09:15,290 - chatbot - INFO - Processed 117 tokens.
2024-08-03 09:09:15,290 - chatbot - INFO - Answered question in 7.64 seconds, processing 117 tokens.
2024-08-03 09:57:18,660 - docs_process - INFO - Loading existing chunks from cache.
2024-08-03 09:57:18,660 - docs_process - INFO - Loaded chunks from cache.
